k-points are in crystal coordinates
nk(3) =    24   24    1
dk(3) =   0.000000000  0.000000000  0.000000000
dq(3) =   0.001000000  0.000000000  0.000000000

direct lattice vectors
a1 =   5.942844683  0.000000000  0.000000000
a2 =  -2.971422341  5.146654464  0.000000000
a3 =   0.000000000  0.000000000 37.794522493

unit cell volume =  0.115597450E+04

reciprocal lattice vectors
b1 =   1.057268975  0.610414528  0.000000000
b2 =   0.000000000  1.220829055  0.000000000
b3 =   0.000000000  0.000000000  0.166245924

symmetries of the Bravais lattice
 24
Space group 191, symbol P6/mmm               
r01 =     1   0   0     0   1   0     0   0   1      0.000000    0.000000    0.000000
r02 =     1   0   0     0   1   0     0   0  -1      0.000000    0.000000    0.000000
r03 =    -1   0   0    -1   1   0     0   0   1      0.000000    0.000000    0.000000
r04 =    -1   0   0    -1   1   0     0   0  -1      0.000000    0.000000    0.000000
r05 =    -1   1   0     0   1   0     0   0   1      0.000000    0.000000    0.000000
r06 =    -1   1   0     0   1   0     0   0  -1      0.000000    0.000000    0.000000
r07 =     1  -1   0     1   0   0     0   0   1      0.000000    0.000000    0.000000
r08 =     1  -1   0     1   0   0     0   0  -1      0.000000    0.000000    0.000000
r09 =    -1   0   0     0  -1   0     0   0   1      0.000000    0.000000    0.000000
r10 =    -1   0   0     0  -1   0     0   0  -1      0.000000    0.000000    0.000000
r11 =     1   0   0     1  -1   0     0   0   1      0.000000    0.000000    0.000000
r12 =     1   0   0     1  -1   0     0   0  -1      0.000000    0.000000    0.000000
r13 =     1  -1   0     0  -1   0     0   0   1      0.000000    0.000000    0.000000
r14 =     1  -1   0     0  -1   0     0   0  -1      0.000000    0.000000    0.000000
r15 =    -1   1   0    -1   0   0     0   0   1      0.000000    0.000000    0.000000
r16 =    -1   1   0    -1   0   0     0   0  -1      0.000000    0.000000    0.000000
r17 =     0   1   0    -1   1   0     0   0   1      0.000000    0.000000    0.000000
r18 =     0   1   0    -1   1   0     0   0  -1      0.000000    0.000000    0.000000
r19 =     0  -1   0    -1   0   0     0   0   1      0.000000    0.000000    0.000000
r20 =     0  -1   0    -1   0   0     0   0  -1      0.000000    0.000000    0.000000
r21 =     0   1   0     1   0   0     0   0   1      0.000000    0.000000    0.000000
r22 =     0   1   0     1   0   0     0   0  -1      0.000000    0.000000    0.000000
r23 =     0  -1   0     1  -1   0     0   0   1      0.000000    0.000000    0.000000
r24 =     0  -1   0     1  -1   0     0   0  -1      0.000000    0.000000    0.000000

symmetries of the crystal without FFT grid
 12
Space group 187, symbol P-6m2                
r01 =     1   0   0     0   1   0     0   0   1      0.000000    0.000000    0.000000
r02 =     1   0   0     0   1   0     0   0  -1      0.000000    0.000000   -0.000000
r03 =    -1   1   0     0   1   0     0   0   1      0.000000    0.000000    0.000000
r04 =    -1   1   0     0   1   0     0   0  -1      0.000000    0.000000   -0.000000
r05 =     1   0   0     1  -1   0     0   0   1      0.000000    0.000000    0.000000
r06 =     1   0   0     1  -1   0     0   0  -1      0.000000    0.000000   -0.000000
r07 =    -1   1   0    -1   0   0     0   0   1      0.000000    0.000000    0.000000
r08 =    -1   1   0    -1   0   0     0   0  -1      0.000000    0.000000   -0.000000
r09 =     0  -1   0    -1   0   0     0   0   1      0.000000    0.000000    0.000000
r10 =     0  -1   0    -1   0   0     0   0  -1      0.000000    0.000000   -0.000000
r11 =     0  -1   0     1  -1   0     0   0   1      0.000000    0.000000    0.000000
r12 =     0  -1   0     1  -1   0     0   0  -1      0.000000    0.000000   -0.000000

FFT grid:     40    40   240

symmetries of the crystal with FFT grid
 12
Space group 187, symbol P-6m2                
r01 =     1   0   0     0   1   0     0   0   1      0.000000    0.000000    0.000000
r02 =     1   0   0     0   1   0     0   0  -1      0.000000    0.000000   -0.000000
r03 =    -1   1   0     0   1   0     0   0   1      0.000000    0.000000    0.000000
r04 =    -1   1   0     0   1   0     0   0  -1      0.000000    0.000000   -0.000000
r05 =     1   0   0     1  -1   0     0   0   1      0.000000    0.000000    0.000000
r06 =     1   0   0     1  -1   0     0   0  -1      0.000000    0.000000   -0.000000
r07 =    -1   1   0    -1   0   0     0   0   1      0.000000    0.000000    0.000000
r08 =    -1   1   0    -1   0   0     0   0  -1      0.000000    0.000000   -0.000000
r09 =     0  -1   0    -1   0   0     0   0   1      0.000000    0.000000    0.000000
r10 =     0  -1   0    -1   0   0     0   0  -1      0.000000    0.000000   -0.000000
r11 =     0  -1   0     1  -1   0     0   0   1      0.000000    0.000000    0.000000
r12 =     0  -1   0     1  -1   0     0   0  -1      0.000000    0.000000   -0.000000

symmetries that reduce the k-points
r03 =    -1   1   0     0   1   0     0   0   1
r05 =     1   0   0     1  -1   0     0   0   1
r07 =    -1   1   0    -1   0   0     0   0   1
r09 =     0  -1   0    -1   0   0     0   0   1
r11 =     0  -1   0     1  -1   0     0   0   1

symmetries of a subgroup of the q-vector
r01 =     1   0   0     0   1   0     0   0   1
r02 =     1   0   0     0   1   0     0   0  -1
r05 =     1   0   0     1  -1   0     0   0   1
r06 =     1   0   0     1  -1   0     0   0  -1

k-points in the original uniform grid
    576
      1  0.000000000  0.000000000  0.000000000   1.0       0  ---
      2  0.000000000  0.041666667  0.000000000   3.0       0  ---
      3  0.000000000  0.083333333  0.000000000   3.0       0  ---
      4  0.000000000  0.125000000  0.000000000   3.0       0  ---
      5  0.000000000  0.166666667  0.000000000   3.0       0  ---
      6  0.000000000  0.208333333  0.000000000   3.0       0  ---
      7  0.000000000  0.250000000  0.000000000   3.0       0  ---
      8  0.000000000  0.291666667  0.000000000   3.0       0  ---
      9  0.000000000  0.333333333  0.000000000   3.0       0  ---
     10  0.000000000  0.375000000  0.000000000   3.0       0  ---
     11  0.000000000  0.416666667  0.000000000   3.0       0  ---
     12  0.000000000  0.458333333  0.000000000   3.0       0  ---
     13  0.000000000  0.500000000  0.000000000   3.0       0  ---
     14  0.000000000  0.541666667  0.000000000   3.0       0  ---
     15  0.000000000  0.583333333  0.000000000   3.0       0  ---
     16  0.000000000  0.625000000  0.000000000   3.0       0  ---
     17  0.000000000  0.666666667  0.000000000   3.0       0  ---
     18  0.000000000  0.708333333  0.000000000   3.0       0  ---
     19  0.000000000  0.750000000  0.000000000   3.0       0  ---
     20  0.000000000  0.791666667  0.000000000   3.0       0  ---
     21  0.000000000  0.833333333  0.000000000   3.0       0  ---
     22  0.000000000  0.875000000  0.000000000   3.0       0  ---
     23  0.000000000  0.916666667  0.000000000   3.0       0  ---
     24  0.000000000  0.958333333  0.000000000   3.0       0  ---
     25  0.041666667  0.000000000  0.000000000   0.0      24  r09
     26  0.041666667  0.041666667  0.000000000   6.0       0  ---
     27  0.041666667  0.083333333  0.000000000   6.0       0  ---
     28  0.041666667  0.125000000  0.000000000   6.0       0  ---
     29  0.041666667  0.166666667  0.000000000   6.0       0  ---
     30  0.041666667  0.208333333  0.000000000   6.0       0  ---
     31  0.041666667  0.250000000  0.000000000   6.0       0  ---
     32  0.041666667  0.291666667  0.000000000   6.0       0  ---
     33  0.041666667  0.333333333  0.000000000   6.0       0  ---
     34  0.041666667  0.375000000  0.000000000   6.0       0  ---
     35  0.041666667  0.416666667  0.000000000   6.0       0  ---
     36  0.041666667  0.458333333  0.000000000   6.0       0  ---
     37  0.041666667  0.500000000  0.000000000   6.0       0  ---
     38  0.041666667  0.541666667  0.000000000   6.0       0  ---
     39  0.041666667  0.583333333  0.000000000   6.0       0  ---
     40  0.041666667  0.625000000  0.000000000   6.0       0  ---
     41  0.041666667  0.666666667  0.000000000   6.0       0  ---
     42  0.041666667  0.708333333  0.000000000   6.0       0  ---
     43  0.041666667  0.750000000  0.000000000   6.0       0  ---
     44  0.041666667  0.791666667  0.000000000   6.0       0  ---
     45  0.041666667  0.833333333  0.000000000   6.0       0  ---
     46  0.041666667  0.875000000  0.000000000   6.0       0  ---
     47  0.041666667  0.916666667  0.000000000   0.0      26  r07
     48  0.041666667  0.958333333  0.000000000   0.0       2  r05
     49  0.083333333  0.000000000  0.000000000   0.0      23  r09
     50  0.083333333  0.041666667  0.000000000   0.0      46  r11
     51  0.083333333  0.083333333  0.000000000   6.0       0  ---
     52  0.083333333  0.125000000  0.000000000   6.0       0  ---
     53  0.083333333  0.166666667  0.000000000   6.0       0  ---
     54  0.083333333  0.208333333  0.000000000   6.0       0  ---
     55  0.083333333  0.250000000  0.000000000   6.0       0  ---
     56  0.083333333  0.291666667  0.000000000   6.0       0  ---
     57  0.083333333  0.333333333  0.000000000   6.0       0  ---
     58  0.083333333  0.375000000  0.000000000   6.0       0  ---
     59  0.083333333  0.416666667  0.000000000   6.0       0  ---
     60  0.083333333  0.458333333  0.000000000   6.0       0  ---
     61  0.083333333  0.500000000  0.000000000   6.0       0  ---
     62  0.083333333  0.541666667  0.000000000   6.0       0  ---
     63  0.083333333  0.583333333  0.000000000   6.0       0  ---
     64  0.083333333  0.625000000  0.000000000   6.0       0  ---
     65  0.083333333  0.666666667  0.000000000   6.0       0  ---
     66  0.083333333  0.708333333  0.000000000   6.0       0  ---
     67  0.083333333  0.750000000  0.000000000   6.0       0  ---
     68  0.083333333  0.791666667  0.000000000   6.0       0  ---
     69  0.083333333  0.833333333  0.000000000   0.0      51  r07
     70  0.083333333  0.875000000  0.000000000   0.0      27  r07
     71  0.083333333  0.916666667  0.000000000   0.0       3  r05
     72  0.083333333  0.958333333  0.000000000   0.0      26  r05
     73  0.125000000  0.000000000  0.000000000   0.0      22  r09
     74  0.125000000  0.041666667  0.000000000   0.0      45  r11
     75  0.125000000  0.083333333  0.000000000   0.0      68  r11
     76  0.125000000  0.125000000  0.000000000   6.0       0  ---
     77  0.125000000  0.166666667  0.000000000   6.0       0  ---
     78  0.125000000  0.208333333  0.000000000   6.0       0  ---
     79  0.125000000  0.250000000  0.000000000   6.0       0  ---
     80  0.125000000  0.291666667  0.000000000   6.0       0  ---
     81  0.125000000  0.333333333  0.000000000   6.0       0  ---
     82  0.125000000  0.375000000  0.000000000   6.0       0  ---
     83  0.125000000  0.416666667  0.000000000   6.0       0  ---
     84  0.125000000  0.458333333  0.000000000   6.0       0  ---
     85  0.125000000  0.500000000  0.000000000   6.0       0  ---
     86  0.125000000  0.541666667  0.000000000   6.0       0  ---
     87  0.125000000  0.583333333  0.000000000   6.0       0  ---
     88  0.125000000  0.625000000  0.000000000   6.0       0  ---
     89  0.125000000  0.666666667  0.000000000   6.0       0  ---
     90  0.125000000  0.708333333  0.000000000   6.0       0  ---
     91  0.125000000  0.750000000  0.000000000   0.0      76  r07
     92  0.125000000  0.791666667  0.000000000   0.0      52  r07
     93  0.125000000  0.833333333  0.000000000   0.0      28  r07
     94  0.125000000  0.875000000  0.000000000   0.0       4  r05
     95  0.125000000  0.916666667  0.000000000   0.0      27  r05
     96  0.125000000  0.958333333  0.000000000   0.0      46  r05
     97  0.166666667  0.000000000  0.000000000   0.0      21  r09
     98  0.166666667  0.041666667  0.000000000   0.0      44  r11
     99  0.166666667  0.083333333  0.000000000   0.0      67  r11
    100  0.166666667  0.125000000  0.000000000   0.0      90  r11
    101  0.166666667  0.166666667  0.000000000   6.0       0  ---
    102  0.166666667  0.208333333  0.000000000   6.0       0  ---
    103  0.166666667  0.250000000  0.000000000   6.0       0  ---
    104  0.166666667  0.291666667  0.000000000   6.0       0  ---
    105  0.166666667  0.333333333  0.000000000   6.0       0  ---
    106  0.166666667  0.375000000  0.000000000   6.0       0  ---
    107  0.166666667  0.416666667  0.000000000   6.0       0  ---
    108  0.166666667  0.458333333  0.000000000   6.0       0  ---
    109  0.166666667  0.500000000  0.000000000   6.0       0  ---
    110  0.166666667  0.541666667  0.000000000   6.0       0  ---
    111  0.166666667  0.583333333  0.000000000   6.0       0  ---
    112  0.166666667  0.625000000  0.000000000   6.0       0  ---
    113  0.166666667  0.666666667  0.000000000   0.0     101  r07
    114  0.166666667  0.708333333  0.000000000   0.0      77  r07
    115  0.166666667  0.750000000  0.000000000   0.0      53  r07
    116  0.166666667  0.791666667  0.000000000   0.0      29  r07
    117  0.166666667  0.833333333  0.000000000   0.0       5  r05
    118  0.166666667  0.875000000  0.000000000   0.0      28  r05
    119  0.166666667  0.916666667  0.000000000   0.0      51  r05
    120  0.166666667  0.958333333  0.000000000   0.0      45  r05
    121  0.208333333  0.000000000  0.000000000   0.0      20  r09
    122  0.208333333  0.041666667  0.000000000   0.0      43  r11
    123  0.208333333  0.083333333  0.000000000   0.0      66  r11
    124  0.208333333  0.125000000  0.000000000   0.0      89  r11
    125  0.208333333  0.166666667  0.000000000   0.0     112  r11
    126  0.208333333  0.208333333  0.000000000   6.0       0  ---
    127  0.208333333  0.250000000  0.000000000   6.0       0  ---
    128  0.208333333  0.291666667  0.000000000   6.0       0  ---
    129  0.208333333  0.333333333  0.000000000   6.0       0  ---
    130  0.208333333  0.375000000  0.000000000   6.0       0  ---
    131  0.208333333  0.416666667  0.000000000   6.0       0  ---
    132  0.208333333  0.458333333  0.000000000   6.0       0  ---
    133  0.208333333  0.500000000  0.000000000   6.0       0  ---
    134  0.208333333  0.541666667  0.000000000   6.0       0  ---
    135  0.208333333  0.583333333  0.000000000   0.0     126  r07
    136  0.208333333  0.625000000  0.000000000   0.0     102  r07
    137  0.208333333  0.666666667  0.000000000   0.0      78  r07
    138  0.208333333  0.708333333  0.000000000   0.0      54  r07
    139  0.208333333  0.750000000  0.000000000   0.0      30  r07
    140  0.208333333  0.791666667  0.000000000   0.0       6  r05
    141  0.208333333  0.833333333  0.000000000   0.0      29  r05
    142  0.208333333  0.875000000  0.000000000   0.0      52  r05
    143  0.208333333  0.916666667  0.000000000   0.0      68  r05
    144  0.208333333  0.958333333  0.000000000   0.0      44  r05
    145  0.250000000  0.000000000  0.000000000   0.0      19  r09
    146  0.250000000  0.041666667  0.000000000   0.0      42  r11
    147  0.250000000  0.083333333  0.000000000   0.0      65  r11
    148  0.250000000  0.125000000  0.000000000   0.0      88  r11
    149  0.250000000  0.166666667  0.000000000   0.0     111  r11
    150  0.250000000  0.208333333  0.000000000   0.0     134  r11
    151  0.250000000  0.250000000  0.000000000   6.0       0  ---
    152  0.250000000  0.291666667  0.000000000   6.0       0  ---
    153  0.250000000  0.333333333  0.000000000   6.0       0  ---
    154  0.250000000  0.375000000  0.000000000   6.0       0  ---
    155  0.250000000  0.416666667  0.000000000   6.0       0  ---
    156  0.250000000  0.458333333  0.000000000   6.0       0  ---
    157  0.250000000  0.500000000  0.000000000   0.0     151  r07
    158  0.250000000  0.541666667  0.000000000   0.0     127  r07
    159  0.250000000  0.583333333  0.000000000   0.0     103  r07
    160  0.250000000  0.625000000  0.000000000   0.0      79  r07
    161  0.250000000  0.666666667  0.000000000   0.0      55  r07
    162  0.250000000  0.708333333  0.000000000   0.0      31  r07
    163  0.250000000  0.750000000  0.000000000   0.0       7  r05
    164  0.250000000  0.791666667  0.000000000   0.0      30  r05
    165  0.250000000  0.833333333  0.000000000   0.0      53  r05
    166  0.250000000  0.875000000  0.000000000   0.0      76  r05
    167  0.250000000  0.916666667  0.000000000   0.0      67  r05
    168  0.250000000  0.958333333  0.000000000   0.0      43  r05
    169  0.291666667  0.000000000  0.000000000   0.0      18  r09
    170  0.291666667  0.041666667  0.000000000   0.0      41  r11
    171  0.291666667  0.083333333  0.000000000   0.0      64  r11
    172  0.291666667  0.125000000  0.000000000   0.0      87  r11
    173  0.291666667  0.166666667  0.000000000   0.0     110  r11
    174  0.291666667  0.208333333  0.000000000   0.0     133  r11
    175  0.291666667  0.250000000  0.000000000   0.0     156  r11
    176  0.291666667  0.291666667  0.000000000   6.0       0  ---
    177  0.291666667  0.333333333  0.000000000   6.0       0  ---
    178  0.291666667  0.375000000  0.000000000   6.0       0  ---
    179  0.291666667  0.416666667  0.000000000   0.0     176  r07
    180  0.291666667  0.458333333  0.000000000   0.0     152  r07
    181  0.291666667  0.500000000  0.000000000   0.0     128  r07
    182  0.291666667  0.541666667  0.000000000   0.0     104  r07
    183  0.291666667  0.583333333  0.000000000   0.0      80  r07
    184  0.291666667  0.625000000  0.000000000   0.0      56  r07
    185  0.291666667  0.666666667  0.000000000   0.0      32  r07
    186  0.291666667  0.708333333  0.000000000   0.0       8  r05
    187  0.291666667  0.750000000  0.000000000   0.0      31  r05
    188  0.291666667  0.791666667  0.000000000   0.0      54  r05
    189  0.291666667  0.833333333  0.000000000   0.0      77  r05
    190  0.291666667  0.875000000  0.000000000   0.0      90  r05
    191  0.291666667  0.916666667  0.000000000   0.0      66  r05
    192  0.291666667  0.958333333  0.000000000   0.0      42  r05
    193  0.333333333  0.000000000  0.000000000   0.0      17  r09
    194  0.333333333  0.041666667  0.000000000   0.0      40  r11
    195  0.333333333  0.083333333  0.000000000   0.0      63  r11
    196  0.333333333  0.125000000  0.000000000   0.0      86  r11
    197  0.333333333  0.166666667  0.000000000   0.0     109  r11
    198  0.333333333  0.208333333  0.000000000   0.0     132  r11
    199  0.333333333  0.250000000  0.000000000   0.0     155  r11
    200  0.333333333  0.291666667  0.000000000   0.0     178  r11
    201  0.333333333  0.333333333  0.000000000   2.0       0  ---
    202  0.333333333  0.375000000  0.000000000   0.0     177  r07
    203  0.333333333  0.416666667  0.000000000   0.0     153  r07
    204  0.333333333  0.458333333  0.000000000   0.0     129  r07
    205  0.333333333  0.500000000  0.000000000   0.0     105  r07
    206  0.333333333  0.541666667  0.000000000   0.0      81  r07
    207  0.333333333  0.583333333  0.000000000   0.0      57  r07
    208  0.333333333  0.625000000  0.000000000   0.0      33  r07
    209  0.333333333  0.666666667  0.000000000   0.0       9  r05
    210  0.333333333  0.708333333  0.000000000   0.0      32  r05
    211  0.333333333  0.750000000  0.000000000   0.0      55  r05
    212  0.333333333  0.791666667  0.000000000   0.0      78  r05
    213  0.333333333  0.833333333  0.000000000   0.0     101  r05
    214  0.333333333  0.875000000  0.000000000   0.0      89  r05
    215  0.333333333  0.916666667  0.000000000   0.0      65  r05
    216  0.333333333  0.958333333  0.000000000   0.0      41  r05
    217  0.375000000  0.000000000  0.000000000   0.0      16  r09
    218  0.375000000  0.041666667  0.000000000   0.0      39  r11
    219  0.375000000  0.083333333  0.000000000   0.0      62  r11
    220  0.375000000  0.125000000  0.000000000   0.0      85  r11
    221  0.375000000  0.166666667  0.000000000   0.0     108  r11
    222  0.375000000  0.208333333  0.000000000   0.0     131  r11
    223  0.375000000  0.250000000  0.000000000   0.0     154  r11
    224  0.375000000  0.291666667  0.000000000   0.0     177  r07
    225  0.375000000  0.333333333  0.000000000   0.0     178  r07
    226  0.375000000  0.375000000  0.000000000   0.0     154  r07
    227  0.375000000  0.416666667  0.000000000   0.0     130  r07
    228  0.375000000  0.458333333  0.000000000   0.0     106  r07
    229  0.375000000  0.500000000  0.000000000   0.0      82  r07
    230  0.375000000  0.541666667  0.000000000   0.0      58  r07
    231  0.375000000  0.583333333  0.000000000   0.0      34  r07
    232  0.375000000  0.625000000  0.000000000   0.0      10  r05
    233  0.375000000  0.666666667  0.000000000   0.0      33  r05
    234  0.375000000  0.708333333  0.000000000   0.0      56  r05
    235  0.375000000  0.750000000  0.000000000   0.0      79  r05
    236  0.375000000  0.791666667  0.000000000   0.0     102  r05
    237  0.375000000  0.833333333  0.000000000   0.0     112  r05
    238  0.375000000  0.875000000  0.000000000   0.0      88  r05
    239  0.375000000  0.916666667  0.000000000   0.0      64  r05
    240  0.375000000  0.958333333  0.000000000   0.0      40  r05
    241  0.416666667  0.000000000  0.000000000   0.0      15  r09
    242  0.416666667  0.041666667  0.000000000   0.0      38  r11
    243  0.416666667  0.083333333  0.000000000   0.0      61  r11
    244  0.416666667  0.125000000  0.000000000   0.0      84  r11
    245  0.416666667  0.166666667  0.000000000   0.0     107  r11
    246  0.416666667  0.208333333  0.000000000   0.0     130  r07
    247  0.416666667  0.250000000  0.000000000   0.0     153  r07
    248  0.416666667  0.291666667  0.000000000   0.0     176  r07
    249  0.416666667  0.333333333  0.000000000   0.0     155  r07
    250  0.416666667  0.375000000  0.000000000   0.0     131  r07
    251  0.416666667  0.416666667  0.000000000   0.0     107  r07
    252  0.416666667  0.458333333  0.000000000   0.0      83  r07
    253  0.416666667  0.500000000  0.000000000   0.0      59  r07
    254  0.416666667  0.541666667  0.000000000   0.0      35  r07
    255  0.416666667  0.583333333  0.000000000   0.0      11  r05
    256  0.416666667  0.625000000  0.000000000   0.0      34  r05
    257  0.416666667  0.666666667  0.000000000   0.0      57  r05
    258  0.416666667  0.708333333  0.000000000   0.0      80  r05
    259  0.416666667  0.750000000  0.000000000   0.0     103  r05
    260  0.416666667  0.791666667  0.000000000   0.0     126  r05
    261  0.416666667  0.833333333  0.000000000   0.0     111  r05
    262  0.416666667  0.875000000  0.000000000   0.0      87  r05
    263  0.416666667  0.916666667  0.000000000   0.0      63  r05
    264  0.416666667  0.958333333  0.000000000   0.0      39  r05
    265  0.458333333  0.000000000  0.000000000   0.0      14  r09
    266  0.458333333  0.041666667  0.000000000   0.0      37  r11
    267  0.458333333  0.083333333  0.000000000   0.0      60  r11
    268  0.458333333  0.125000000  0.000000000   0.0      83  r07
    269  0.458333333  0.166666667  0.000000000   0.0     106  r07
    270  0.458333333  0.208333333  0.000000000   0.0     129  r07
    271  0.458333333  0.250000000  0.000000000   0.0     152  r07
    272  0.458333333  0.291666667  0.000000000   0.0     156  r07
    273  0.458333333  0.333333333  0.000000000   0.0     132  r07
    274  0.458333333  0.375000000  0.000000000   0.0     108  r07
    275  0.458333333  0.416666667  0.000000000   0.0      84  r07
    276  0.458333333  0.458333333  0.000000000   0.0      60  r07
    277  0.458333333  0.500000000  0.000000000   0.0      36  r07
    278  0.458333333  0.541666667  0.000000000   0.0      12  r05
    279  0.458333333  0.583333333  0.000000000   0.0      35  r05
    280  0.458333333  0.625000000  0.000000000   0.0      58  r05
    281  0.458333333  0.666666667  0.000000000   0.0      81  r05
    282  0.458333333  0.708333333  0.000000000   0.0     104  r05
    283  0.458333333  0.750000000  0.000000000   0.0     127  r05
    284  0.458333333  0.791666667  0.000000000   0.0     134  r05
    285  0.458333333  0.833333333  0.000000000   0.0     110  r05
    286  0.458333333  0.875000000  0.000000000   0.0      86  r05
    287  0.458333333  0.916666667  0.000000000   0.0      62  r05
    288  0.458333333  0.958333333  0.000000000   0.0      38  r05
    289  0.500000000  0.000000000  0.000000000   0.0      13  r09
    290  0.500000000  0.041666667  0.000000000   0.0      36  r07
    291  0.500000000  0.083333333  0.000000000   0.0      59  r07
    292  0.500000000  0.125000000  0.000000000   0.0      82  r07
    293  0.500000000  0.166666667  0.000000000   0.0     105  r07
    294  0.500000000  0.208333333  0.000000000   0.0     128  r07
    295  0.500000000  0.250000000  0.000000000   0.0     151  r07
    296  0.500000000  0.291666667  0.000000000   0.0     133  r07
    297  0.500000000  0.333333333  0.000000000   0.0     109  r07
    298  0.500000000  0.375000000  0.000000000   0.0      85  r07
    299  0.500000000  0.416666667  0.000000000   0.0      61  r07
    300  0.500000000  0.458333333  0.000000000   0.0      37  r07
    301  0.500000000  0.500000000  0.000000000   0.0      13  r03
    302  0.500000000  0.541666667  0.000000000   0.0      36  r03
    303  0.500000000  0.583333333  0.000000000   0.0      59  r03
    304  0.500000000  0.625000000  0.000000000   0.0      82  r03
    305  0.500000000  0.666666667  0.000000000   0.0     105  r03
    306  0.500000000  0.708333333  0.000000000   0.0     128  r03
    307  0.500000000  0.750000000  0.000000000   0.0     151  r03
    308  0.500000000  0.791666667  0.000000000   0.0     133  r03
    309  0.500000000  0.833333333  0.000000000   0.0     109  r03
    310  0.500000000  0.875000000  0.000000000   0.0      85  r03
    311  0.500000000  0.916666667  0.000000000   0.0      61  r03
    312  0.500000000  0.958333333  0.000000000   0.0      37  r03
    313  0.541666667  0.000000000  0.000000000   0.0      12  r03
    314  0.541666667  0.041666667  0.000000000   0.0      35  r03
    315  0.541666667  0.083333333  0.000000000   0.0      58  r03
    316  0.541666667  0.125000000  0.000000000   0.0      81  r03
    317  0.541666667  0.166666667  0.000000000   0.0     104  r03
    318  0.541666667  0.208333333  0.000000000   0.0     127  r03
    319  0.541666667  0.250000000  0.000000000   0.0     134  r03
    320  0.541666667  0.291666667  0.000000000   0.0     110  r03
    321  0.541666667  0.333333333  0.000000000   0.0      86  r03
    322  0.541666667  0.375000000  0.000000000   0.0      62  r03
    323  0.541666667  0.416666667  0.000000000   0.0      38  r03
    324  0.541666667  0.458333333  0.000000000   0.0      14  r03
    325  0.541666667  0.500000000  0.000000000   0.0      37  r03
    326  0.541666667  0.541666667  0.000000000   0.0      60  r03
    327  0.541666667  0.583333333  0.000000000   0.0      83  r03
    328  0.541666667  0.625000000  0.000000000   0.0     106  r03
    329  0.541666667  0.666666667  0.000000000   0.0     129  r03
    330  0.541666667  0.708333333  0.000000000   0.0     152  r03
    331  0.541666667  0.750000000  0.000000000   0.0     156  r03
    332  0.541666667  0.791666667  0.000000000   0.0     132  r03
    333  0.541666667  0.833333333  0.000000000   0.0     108  r03
    334  0.541666667  0.875000000  0.000000000   0.0      84  r03
    335  0.541666667  0.916666667  0.000000000   0.0      60  r03
    336  0.541666667  0.958333333  0.000000000   0.0      36  r03
    337  0.583333333  0.000000000  0.000000000   0.0      11  r03
    338  0.583333333  0.041666667  0.000000000   0.0      34  r03
    339  0.583333333  0.083333333  0.000000000   0.0      57  r03
    340  0.583333333  0.125000000  0.000000000   0.0      80  r03
    341  0.583333333  0.166666667  0.000000000   0.0     103  r03
    342  0.583333333  0.208333333  0.000000000   0.0     126  r03
    343  0.583333333  0.250000000  0.000000000   0.0     111  r03
    344  0.583333333  0.291666667  0.000000000   0.0      87  r03
    345  0.583333333  0.333333333  0.000000000   0.0      63  r03
    346  0.583333333  0.375000000  0.000000000   0.0      39  r03
    347  0.583333333  0.416666667  0.000000000   0.0      15  r03
    348  0.583333333  0.458333333  0.000000000   0.0      38  r03
    349  0.583333333  0.500000000  0.000000000   0.0      61  r03
    350  0.583333333  0.541666667  0.000000000   0.0      84  r03
    351  0.583333333  0.583333333  0.000000000   0.0     107  r03
    352  0.583333333  0.625000000  0.000000000   0.0     130  r03
    353  0.583333333  0.666666667  0.000000000   0.0     153  r03
    354  0.583333333  0.708333333  0.000000000   0.0     176  r03
    355  0.583333333  0.750000000  0.000000000   0.0     155  r03
    356  0.583333333  0.791666667  0.000000000   0.0     131  r03
    357  0.583333333  0.833333333  0.000000000   0.0     107  r03
    358  0.583333333  0.875000000  0.000000000   0.0      83  r03
    359  0.583333333  0.916666667  0.000000000   0.0      59  r03
    360  0.583333333  0.958333333  0.000000000   0.0      35  r03
    361  0.625000000  0.000000000  0.000000000   0.0      10  r03
    362  0.625000000  0.041666667  0.000000000   0.0      33  r03
    363  0.625000000  0.083333333  0.000000000   0.0      56  r03
    364  0.625000000  0.125000000  0.000000000   0.0      79  r03
    365  0.625000000  0.166666667  0.000000000   0.0     102  r03
    366  0.625000000  0.208333333  0.000000000   0.0     112  r03
    367  0.625000000  0.250000000  0.000000000   0.0      88  r03
    368  0.625000000  0.291666667  0.000000000   0.0      64  r03
    369  0.625000000  0.333333333  0.000000000   0.0      40  r03
    370  0.625000000  0.375000000  0.000000000   0.0      16  r03
    371  0.625000000  0.416666667  0.000000000   0.0      39  r03
    372  0.625000000  0.458333333  0.000000000   0.0      62  r03
    373  0.625000000  0.500000000  0.000000000   0.0      85  r03
    374  0.625000000  0.541666667  0.000000000   0.0     108  r03
    375  0.625000000  0.583333333  0.000000000   0.0     131  r03
    376  0.625000000  0.625000000  0.000000000   0.0     154  r03
    377  0.625000000  0.666666667  0.000000000   0.0     177  r03
    378  0.625000000  0.708333333  0.000000000   0.0     178  r03
    379  0.625000000  0.750000000  0.000000000   0.0     154  r03
    380  0.625000000  0.791666667  0.000000000   0.0     130  r03
    381  0.625000000  0.833333333  0.000000000   0.0     106  r03
    382  0.625000000  0.875000000  0.000000000   0.0      82  r03
    383  0.625000000  0.916666667  0.000000000   0.0      58  r03
    384  0.625000000  0.958333333  0.000000000   0.0      34  r03
    385  0.666666667  0.000000000  0.000000000   0.0       9  r03
    386  0.666666667  0.041666667  0.000000000   0.0      32  r03
    387  0.666666667  0.083333333  0.000000000   0.0      55  r03
    388  0.666666667  0.125000000  0.000000000   0.0      78  r03
    389  0.666666667  0.166666667  0.000000000   0.0     101  r03
    390  0.666666667  0.208333333  0.000000000   0.0      89  r03
    391  0.666666667  0.250000000  0.000000000   0.0      65  r03
    392  0.666666667  0.291666667  0.000000000   0.0      41  r03
    393  0.666666667  0.333333333  0.000000000   0.0      17  r03
    394  0.666666667  0.375000000  0.000000000   0.0      40  r03
    395  0.666666667  0.416666667  0.000000000   0.0      63  r03
    396  0.666666667  0.458333333  0.000000000   0.0      86  r03
    397  0.666666667  0.500000000  0.000000000   0.0     109  r03
    398  0.666666667  0.541666667  0.000000000   0.0     132  r03
    399  0.666666667  0.583333333  0.000000000   0.0     155  r03
    400  0.666666667  0.625000000  0.000000000   0.0     178  r03
    401  0.666666667  0.666666667  0.000000000   0.0     201  r03
    402  0.666666667  0.708333333  0.000000000   0.0     177  r03
    403  0.666666667  0.750000000  0.000000000   0.0     153  r03
    404  0.666666667  0.791666667  0.000000000   0.0     129  r03
    405  0.666666667  0.833333333  0.000000000   0.0     105  r03
    406  0.666666667  0.875000000  0.000000000   0.0      81  r03
    407  0.666666667  0.916666667  0.000000000   0.0      57  r03
    408  0.666666667  0.958333333  0.000000000   0.0      33  r03
    409  0.708333333  0.000000000  0.000000000   0.0       8  r03
    410  0.708333333  0.041666667  0.000000000   0.0      31  r03
    411  0.708333333  0.083333333  0.000000000   0.0      54  r03
    412  0.708333333  0.125000000  0.000000000   0.0      77  r03
    413  0.708333333  0.166666667  0.000000000   0.0      90  r03
    414  0.708333333  0.208333333  0.000000000   0.0      66  r03
    415  0.708333333  0.250000000  0.000000000   0.0      42  r03
    416  0.708333333  0.291666667  0.000000000   0.0      18  r03
    417  0.708333333  0.333333333  0.000000000   0.0      41  r03
    418  0.708333333  0.375000000  0.000000000   0.0      64  r03
    419  0.708333333  0.416666667  0.000000000   0.0      87  r03
    420  0.708333333  0.458333333  0.000000000   0.0     110  r03
    421  0.708333333  0.500000000  0.000000000   0.0     133  r03
    422  0.708333333  0.541666667  0.000000000   0.0     156  r03
    423  0.708333333  0.583333333  0.000000000   0.0     176  r03
    424  0.708333333  0.625000000  0.000000000   0.0     177  r03
    425  0.708333333  0.666666667  0.000000000   0.0     178  r03
    426  0.708333333  0.708333333  0.000000000   0.0     176  r03
    427  0.708333333  0.750000000  0.000000000   0.0     152  r03
    428  0.708333333  0.791666667  0.000000000   0.0     128  r03
    429  0.708333333  0.833333333  0.000000000   0.0     104  r03
    430  0.708333333  0.875000000  0.000000000   0.0      80  r03
    431  0.708333333  0.916666667  0.000000000   0.0      56  r03
    432  0.708333333  0.958333333  0.000000000   0.0      32  r03
    433  0.750000000  0.000000000  0.000000000   0.0       7  r03
    434  0.750000000  0.041666667  0.000000000   0.0      30  r03
    435  0.750000000  0.083333333  0.000000000   0.0      53  r03
    436  0.750000000  0.125000000  0.000000000   0.0      76  r03
    437  0.750000000  0.166666667  0.000000000   0.0      67  r03
    438  0.750000000  0.208333333  0.000000000   0.0      43  r03
    439  0.750000000  0.250000000  0.000000000   0.0      19  r03
    440  0.750000000  0.291666667  0.000000000   0.0      42  r03
    441  0.750000000  0.333333333  0.000000000   0.0      65  r03
    442  0.750000000  0.375000000  0.000000000   0.0      88  r03
    443  0.750000000  0.416666667  0.000000000   0.0     111  r03
    444  0.750000000  0.458333333  0.000000000   0.0     134  r03
    445  0.750000000  0.500000000  0.000000000   0.0     151  r03
    446  0.750000000  0.541666667  0.000000000   0.0     152  r03
    447  0.750000000  0.583333333  0.000000000   0.0     153  r03
    448  0.750000000  0.625000000  0.000000000   0.0     154  r03
    449  0.750000000  0.666666667  0.000000000   0.0     155  r03
    450  0.750000000  0.708333333  0.000000000   0.0     156  r03
    451  0.750000000  0.750000000  0.000000000   0.0     151  r03
    452  0.750000000  0.791666667  0.000000000   0.0     127  r03
    453  0.750000000  0.833333333  0.000000000   0.0     103  r03
    454  0.750000000  0.875000000  0.000000000   0.0      79  r03
    455  0.750000000  0.916666667  0.000000000   0.0      55  r03
    456  0.750000000  0.958333333  0.000000000   0.0      31  r03
    457  0.791666667  0.000000000  0.000000000   0.0       6  r03
    458  0.791666667  0.041666667  0.000000000   0.0      29  r03
    459  0.791666667  0.083333333  0.000000000   0.0      52  r03
    460  0.791666667  0.125000000  0.000000000   0.0      68  r03
    461  0.791666667  0.166666667  0.000000000   0.0      44  r03
    462  0.791666667  0.208333333  0.000000000   0.0      20  r03
    463  0.791666667  0.250000000  0.000000000   0.0      43  r03
    464  0.791666667  0.291666667  0.000000000   0.0      66  r03
    465  0.791666667  0.333333333  0.000000000   0.0      89  r03
    466  0.791666667  0.375000000  0.000000000   0.0     112  r03
    467  0.791666667  0.416666667  0.000000000   0.0     126  r03
    468  0.791666667  0.458333333  0.000000000   0.0     127  r03
    469  0.791666667  0.500000000  0.000000000   0.0     128  r03
    470  0.791666667  0.541666667  0.000000000   0.0     129  r03
    471  0.791666667  0.583333333  0.000000000   0.0     130  r03
    472  0.791666667  0.625000000  0.000000000   0.0     131  r03
    473  0.791666667  0.666666667  0.000000000   0.0     132  r03
    474  0.791666667  0.708333333  0.000000000   0.0     133  r03
    475  0.791666667  0.750000000  0.000000000   0.0     134  r03
    476  0.791666667  0.791666667  0.000000000   0.0     126  r03
    477  0.791666667  0.833333333  0.000000000   0.0     102  r03
    478  0.791666667  0.875000000  0.000000000   0.0      78  r03
    479  0.791666667  0.916666667  0.000000000   0.0      54  r03
    480  0.791666667  0.958333333  0.000000000   0.0      30  r03
    481  0.833333333  0.000000000  0.000000000   0.0       5  r03
    482  0.833333333  0.041666667  0.000000000   0.0      28  r03
    483  0.833333333  0.083333333  0.000000000   0.0      51  r03
    484  0.833333333  0.125000000  0.000000000   0.0      45  r03
    485  0.833333333  0.166666667  0.000000000   0.0      21  r03
    486  0.833333333  0.208333333  0.000000000   0.0      44  r03
    487  0.833333333  0.250000000  0.000000000   0.0      67  r03
    488  0.833333333  0.291666667  0.000000000   0.0      90  r03
    489  0.833333333  0.333333333  0.000000000   0.0     101  r03
    490  0.833333333  0.375000000  0.000000000   0.0     102  r03
    491  0.833333333  0.416666667  0.000000000   0.0     103  r03
    492  0.833333333  0.458333333  0.000000000   0.0     104  r03
    493  0.833333333  0.500000000  0.000000000   0.0     105  r03
    494  0.833333333  0.541666667  0.000000000   0.0     106  r03
    495  0.833333333  0.583333333  0.000000000   0.0     107  r03
    496  0.833333333  0.625000000  0.000000000   0.0     108  r03
    497  0.833333333  0.666666667  0.000000000   0.0     109  r03
    498  0.833333333  0.708333333  0.000000000   0.0     110  r03
    499  0.833333333  0.750000000  0.000000000   0.0     111  r03
    500  0.833333333  0.791666667  0.000000000   0.0     112  r03
    501  0.833333333  0.833333333  0.000000000   0.0     101  r03
    502  0.833333333  0.875000000  0.000000000   0.0      77  r03
    503  0.833333333  0.916666667  0.000000000   0.0      53  r03
    504  0.833333333  0.958333333  0.000000000   0.0      29  r03
    505  0.875000000  0.000000000  0.000000000   0.0       4  r03
    506  0.875000000  0.041666667  0.000000000   0.0      27  r03
    507  0.875000000  0.083333333  0.000000000   0.0      46  r03
    508  0.875000000  0.125000000  0.000000000   0.0      22  r03
    509  0.875000000  0.166666667  0.000000000   0.0      45  r03
    510  0.875000000  0.208333333  0.000000000   0.0      68  r03
    511  0.875000000  0.250000000  0.000000000   0.0      76  r03
    512  0.875000000  0.291666667  0.000000000   0.0      77  r03
    513  0.875000000  0.333333333  0.000000000   0.0      78  r03
    514  0.875000000  0.375000000  0.000000000   0.0      79  r03
    515  0.875000000  0.416666667  0.000000000   0.0      80  r03
    516  0.875000000  0.458333333  0.000000000   0.0      81  r03
    517  0.875000000  0.500000000  0.000000000   0.0      82  r03
    518  0.875000000  0.541666667  0.000000000   0.0      83  r03
    519  0.875000000  0.583333333  0.000000000   0.0      84  r03
    520  0.875000000  0.625000000  0.000000000   0.0      85  r03
    521  0.875000000  0.666666667  0.000000000   0.0      86  r03
    522  0.875000000  0.708333333  0.000000000   0.0      87  r03
    523  0.875000000  0.750000000  0.000000000   0.0      88  r03
    524  0.875000000  0.791666667  0.000000000   0.0      89  r03
    525  0.875000000  0.833333333  0.000000000   0.0      90  r03
    526  0.875000000  0.875000000  0.000000000   0.0      76  r03
    527  0.875000000  0.916666667  0.000000000   0.0      52  r03
    528  0.875000000  0.958333333  0.000000000   0.0      28  r03
    529  0.916666667  0.000000000  0.000000000   0.0       3  r03
    530  0.916666667  0.041666667  0.000000000   0.0      26  r03
    531  0.916666667  0.083333333  0.000000000   0.0      23  r03
    532  0.916666667  0.125000000  0.000000000   0.0      46  r03
    533  0.916666667  0.166666667  0.000000000   0.0      51  r03
    534  0.916666667  0.208333333  0.000000000   0.0      52  r03
    535  0.916666667  0.250000000  0.000000000   0.0      53  r03
    536  0.916666667  0.291666667  0.000000000   0.0      54  r03
    537  0.916666667  0.333333333  0.000000000   0.0      55  r03
    538  0.916666667  0.375000000  0.000000000   0.0      56  r03
    539  0.916666667  0.416666667  0.000000000   0.0      57  r03
    540  0.916666667  0.458333333  0.000000000   0.0      58  r03
    541  0.916666667  0.500000000  0.000000000   0.0      59  r03
    542  0.916666667  0.541666667  0.000000000   0.0      60  r03
    543  0.916666667  0.583333333  0.000000000   0.0      61  r03
    544  0.916666667  0.625000000  0.000000000   0.0      62  r03
    545  0.916666667  0.666666667  0.000000000   0.0      63  r03
    546  0.916666667  0.708333333  0.000000000   0.0      64  r03
    547  0.916666667  0.750000000  0.000000000   0.0      65  r03
    548  0.916666667  0.791666667  0.000000000   0.0      66  r03
    549  0.916666667  0.833333333  0.000000000   0.0      67  r03
    550  0.916666667  0.875000000  0.000000000   0.0      68  r03
    551  0.916666667  0.916666667  0.000000000   0.0      51  r03
    552  0.916666667  0.958333333  0.000000000   0.0      27  r03
    553  0.958333333  0.000000000  0.000000000   0.0       2  r03
    554  0.958333333  0.041666667  0.000000000   0.0      24  r03
    555  0.958333333  0.083333333  0.000000000   0.0      26  r03
    556  0.958333333  0.125000000  0.000000000   0.0      27  r03
    557  0.958333333  0.166666667  0.000000000   0.0      28  r03
    558  0.958333333  0.208333333  0.000000000   0.0      29  r03
    559  0.958333333  0.250000000  0.000000000   0.0      30  r03
    560  0.958333333  0.291666667  0.000000000   0.0      31  r03
    561  0.958333333  0.333333333  0.000000000   0.0      32  r03
    562  0.958333333  0.375000000  0.000000000   0.0      33  r03
    563  0.958333333  0.416666667  0.000000000   0.0      34  r03
    564  0.958333333  0.458333333  0.000000000   0.0      35  r03
    565  0.958333333  0.500000000  0.000000000   0.0      36  r03
    566  0.958333333  0.541666667  0.000000000   0.0      37  r03
    567  0.958333333  0.583333333  0.000000000   0.0      38  r03
    568  0.958333333  0.625000000  0.000000000   0.0      39  r03
    569  0.958333333  0.666666667  0.000000000   0.0      40  r03
    570  0.958333333  0.708333333  0.000000000   0.0      41  r03
    571  0.958333333  0.750000000  0.000000000   0.0      42  r03
    572  0.958333333  0.791666667  0.000000000   0.0      43  r03
    573  0.958333333  0.833333333  0.000000000   0.0      44  r03
    574  0.958333333  0.875000000  0.000000000   0.0      45  r03
    575  0.958333333  0.916666667  0.000000000   0.0      46  r03
    576  0.958333333  0.958333333  0.000000000   0.0      26  r03

k-points in the irreducible wedge
    109
      1  0.000000000  0.000000000  0.000000000   1.0       1
      2  0.000000000  0.041666667  0.000000000   3.0       2
      3  0.000000000  0.083333333  0.000000000   3.0       3
      4  0.000000000  0.125000000  0.000000000   3.0       4
      5  0.000000000  0.166666667  0.000000000   3.0       5
      6  0.000000000  0.208333333  0.000000000   3.0       6
      7  0.000000000  0.250000000  0.000000000   3.0       7
      8  0.000000000  0.291666667  0.000000000   3.0       8
      9  0.000000000  0.333333333  0.000000000   3.0       9
     10  0.000000000  0.375000000  0.000000000   3.0      10
     11  0.000000000  0.416666667  0.000000000   3.0      11
     12  0.000000000  0.458333333  0.000000000   3.0      12
     13  0.000000000  0.500000000  0.000000000   3.0      13
     14  0.000000000  0.541666667  0.000000000   3.0      14
     15  0.000000000  0.583333333  0.000000000   3.0      15
     16  0.000000000  0.625000000  0.000000000   3.0      16
     17  0.000000000  0.666666667  0.000000000   3.0      17
     18  0.000000000  0.708333333  0.000000000   3.0      18
     19  0.000000000  0.750000000  0.000000000   3.0      19
     20  0.000000000  0.791666667  0.000000000   3.0      20
     21  0.000000000  0.833333333  0.000000000   3.0      21
     22  0.000000000  0.875000000  0.000000000   3.0      22
     23  0.000000000  0.916666667  0.000000000   3.0      23
     24  0.000000000  0.958333333  0.000000000   3.0      24
     25  0.041666667  0.041666667  0.000000000   6.0      26
     26  0.041666667  0.083333333  0.000000000   6.0      27
     27  0.041666667  0.125000000  0.000000000   6.0      28
     28  0.041666667  0.166666667  0.000000000   6.0      29
     29  0.041666667  0.208333333  0.000000000   6.0      30
     30  0.041666667  0.250000000  0.000000000   6.0      31
     31  0.041666667  0.291666667  0.000000000   6.0      32
     32  0.041666667  0.333333333  0.000000000   6.0      33
     33  0.041666667  0.375000000  0.000000000   6.0      34
     34  0.041666667  0.416666667  0.000000000   6.0      35
     35  0.041666667  0.458333333  0.000000000   6.0      36
     36  0.041666667  0.500000000  0.000000000   6.0      37
     37  0.041666667  0.541666667  0.000000000   6.0      38
     38  0.041666667  0.583333333  0.000000000   6.0      39
     39  0.041666667  0.625000000  0.000000000   6.0      40
     40  0.041666667  0.666666667  0.000000000   6.0      41
     41  0.041666667  0.708333333  0.000000000   6.0      42
     42  0.041666667  0.750000000  0.000000000   6.0      43
     43  0.041666667  0.791666667  0.000000000   6.0      44
     44  0.041666667  0.833333333  0.000000000   6.0      45
     45  0.041666667  0.875000000  0.000000000   6.0      46
     46  0.083333333  0.083333333  0.000000000   6.0      51
     47  0.083333333  0.125000000  0.000000000   6.0      52
     48  0.083333333  0.166666667  0.000000000   6.0      53
     49  0.083333333  0.208333333  0.000000000   6.0      54
     50  0.083333333  0.250000000  0.000000000   6.0      55
     51  0.083333333  0.291666667  0.000000000   6.0      56
     52  0.083333333  0.333333333  0.000000000   6.0      57
     53  0.083333333  0.375000000  0.000000000   6.0      58
     54  0.083333333  0.416666667  0.000000000   6.0      59
     55  0.083333333  0.458333333  0.000000000   6.0      60
     56  0.083333333  0.500000000  0.000000000   6.0      61
     57  0.083333333  0.541666667  0.000000000   6.0      62
     58  0.083333333  0.583333333  0.000000000   6.0      63
     59  0.083333333  0.625000000  0.000000000   6.0      64
     60  0.083333333  0.666666667  0.000000000   6.0      65
     61  0.083333333  0.708333333  0.000000000   6.0      66
     62  0.083333333  0.750000000  0.000000000   6.0      67
     63  0.083333333  0.791666667  0.000000000   6.0      68
     64  0.125000000  0.125000000  0.000000000   6.0      76
     65  0.125000000  0.166666667  0.000000000   6.0      77
     66  0.125000000  0.208333333  0.000000000   6.0      78
     67  0.125000000  0.250000000  0.000000000   6.0      79
     68  0.125000000  0.291666667  0.000000000   6.0      80
     69  0.125000000  0.333333333  0.000000000   6.0      81
     70  0.125000000  0.375000000  0.000000000   6.0      82
     71  0.125000000  0.416666667  0.000000000   6.0      83
     72  0.125000000  0.458333333  0.000000000   6.0      84
     73  0.125000000  0.500000000  0.000000000   6.0      85
     74  0.125000000  0.541666667  0.000000000   6.0      86
     75  0.125000000  0.583333333  0.000000000   6.0      87
     76  0.125000000  0.625000000  0.000000000   6.0      88
     77  0.125000000  0.666666667  0.000000000   6.0      89
     78  0.125000000  0.708333333  0.000000000   6.0      90
     79  0.166666667  0.166666667  0.000000000   6.0     101
     80  0.166666667  0.208333333  0.000000000   6.0     102
     81  0.166666667  0.250000000  0.000000000   6.0     103
     82  0.166666667  0.291666667  0.000000000   6.0     104
     83  0.166666667  0.333333333  0.000000000   6.0     105
     84  0.166666667  0.375000000  0.000000000   6.0     106
     85  0.166666667  0.416666667  0.000000000   6.0     107
     86  0.166666667  0.458333333  0.000000000   6.0     108
     87  0.166666667  0.500000000  0.000000000   6.0     109
     88  0.166666667  0.541666667  0.000000000   6.0     110
     89  0.166666667  0.583333333  0.000000000   6.0     111
     90  0.166666667  0.625000000  0.000000000   6.0     112
     91  0.208333333  0.208333333  0.000000000   6.0     126
     92  0.208333333  0.250000000  0.000000000   6.0     127
     93  0.208333333  0.291666667  0.000000000   6.0     128
     94  0.208333333  0.333333333  0.000000000   6.0     129
     95  0.208333333  0.375000000  0.000000000   6.0     130
     96  0.208333333  0.416666667  0.000000000   6.0     131
     97  0.208333333  0.458333333  0.000000000   6.0     132
     98  0.208333333  0.500000000  0.000000000   6.0     133
     99  0.208333333  0.541666667  0.000000000   6.0     134
    100  0.250000000  0.250000000  0.000000000   6.0     151
    101  0.250000000  0.291666667  0.000000000   6.0     152
    102  0.250000000  0.333333333  0.000000000   6.0     153
    103  0.250000000  0.375000000  0.000000000   6.0     154
    104  0.250000000  0.416666667  0.000000000   6.0     155
    105  0.250000000  0.458333333  0.000000000   6.0     156
    106  0.291666667  0.291666667  0.000000000   6.0     176
    107  0.291666667  0.333333333  0.000000000   6.0     177
    108  0.291666667  0.375000000  0.000000000   6.0     178
    109  0.333333333  0.333333333  0.000000000   2.0     201

k-points in the unfolded Brillouin Zone
    576
      1  0.001000000  0.000000000  0.000000000   1.0
      2  0.001000000  0.041666667  0.000000000   1.0
      3  0.001000000  0.083333333  0.000000000   1.0
      4  0.001000000  0.125000000  0.000000000   1.0
      5  0.001000000  0.166666667  0.000000000   1.0
      6  0.001000000  0.208333333  0.000000000   1.0
      7  0.001000000  0.250000000  0.000000000   1.0
      8  0.001000000  0.291666667  0.000000000   1.0
      9  0.001000000  0.333333333  0.000000000   1.0
     10  0.001000000  0.375000000  0.000000000   1.0
     11  0.001000000  0.416666667  0.000000000   1.0
     12  0.001000000  0.458333333  0.000000000   1.0
     13  0.001000000  0.500000000  0.000000000   1.0
     14  0.001000000  0.541666667  0.000000000   1.0
     15  0.001000000  0.583333333  0.000000000   1.0
     16  0.001000000  0.625000000  0.000000000   1.0
     17  0.001000000  0.666666667  0.000000000   1.0
     18  0.001000000  0.708333333  0.000000000   1.0
     19  0.001000000  0.750000000  0.000000000   1.0
     20  0.001000000  0.791666667  0.000000000   1.0
     21  0.001000000  0.833333333  0.000000000   1.0
     22  0.001000000  0.875000000  0.000000000   1.0
     23  0.001000000  0.916666667  0.000000000   1.0
     24  0.001000000  0.958333333  0.000000000   1.0
     25  0.042666667  0.000000000  0.000000000   1.0
     26  0.042666667  0.041666667  0.000000000   1.0
     27  0.042666667  0.083333333  0.000000000   1.0
     28  0.042666667  0.125000000  0.000000000   1.0
     29  0.042666667  0.166666667  0.000000000   1.0
     30  0.042666667  0.208333333  0.000000000   1.0
     31  0.042666667  0.250000000  0.000000000   1.0
     32  0.042666667  0.291666667  0.000000000   1.0
     33  0.042666667  0.333333333  0.000000000   1.0
     34  0.042666667  0.375000000  0.000000000   1.0
     35  0.042666667  0.416666667  0.000000000   1.0
     36  0.042666667  0.458333333  0.000000000   1.0
     37  0.042666667  0.500000000  0.000000000   1.0
     38  0.042666667  0.541666667  0.000000000   1.0
     39  0.042666667  0.583333333  0.000000000   1.0
     40  0.042666667  0.625000000  0.000000000   1.0
     41  0.042666667  0.666666667  0.000000000   1.0
     42  0.042666667  0.708333333  0.000000000   1.0
     43  0.042666667  0.750000000  0.000000000   1.0
     44  0.042666667  0.791666667  0.000000000   1.0
     45  0.042666667  0.833333333  0.000000000   1.0
     46  0.042666667  0.875000000  0.000000000   1.0
     47  0.042666667  0.916666667  0.000000000   1.0
     48  0.042666667  0.958333333  0.000000000   1.0
     49  0.084333333  0.000000000  0.000000000   1.0
     50  0.084333333  0.041666667  0.000000000   1.0
     51  0.084333333  0.083333333  0.000000000   1.0
     52  0.084333333  0.125000000  0.000000000   1.0
     53  0.084333333  0.166666667  0.000000000   1.0
     54  0.084333333  0.208333333  0.000000000   1.0
     55  0.084333333  0.250000000  0.000000000   1.0
     56  0.084333333  0.291666667  0.000000000   1.0
     57  0.084333333  0.333333333  0.000000000   1.0
     58  0.084333333  0.375000000  0.000000000   1.0
     59  0.084333333  0.416666667  0.000000000   1.0
     60  0.084333333  0.458333333  0.000000000   1.0
     61  0.084333333  0.500000000  0.000000000   1.0
     62  0.084333333  0.541666667  0.000000000   1.0
     63  0.084333333  0.583333333  0.000000000   1.0
     64  0.084333333  0.625000000  0.000000000   1.0
     65  0.084333333  0.666666667  0.000000000   1.0
     66  0.084333333  0.708333333  0.000000000   1.0
     67  0.084333333  0.750000000  0.000000000   1.0
     68  0.084333333  0.791666667  0.000000000   1.0
     69  0.084333333  0.833333333  0.000000000   1.0
     70  0.084333333  0.875000000  0.000000000   1.0
     71  0.084333333  0.916666667  0.000000000   1.0
     72  0.084333333  0.958333333  0.000000000   1.0
     73  0.126000000  0.000000000  0.000000000   1.0
     74  0.126000000  0.041666667  0.000000000   1.0
     75  0.126000000  0.083333333  0.000000000   1.0
     76  0.126000000  0.125000000  0.000000000   1.0
     77  0.126000000  0.166666667  0.000000000   1.0
     78  0.126000000  0.208333333  0.000000000   1.0
     79  0.126000000  0.250000000  0.000000000   1.0
     80  0.126000000  0.291666667  0.000000000   1.0
     81  0.126000000  0.333333333  0.000000000   1.0
     82  0.126000000  0.375000000  0.000000000   1.0
     83  0.126000000  0.416666667  0.000000000   1.0
     84  0.126000000  0.458333333  0.000000000   1.0
     85  0.126000000  0.500000000  0.000000000   1.0
     86  0.126000000  0.541666667  0.000000000   1.0
     87  0.126000000  0.583333333  0.000000000   1.0
     88  0.126000000  0.625000000  0.000000000   1.0
     89  0.126000000  0.666666667  0.000000000   1.0
     90  0.126000000  0.708333333  0.000000000   1.0
     91  0.126000000  0.750000000  0.000000000   1.0
     92  0.126000000  0.791666667  0.000000000   1.0
     93  0.126000000  0.833333333  0.000000000   1.0
     94  0.126000000  0.875000000  0.000000000   1.0
     95  0.126000000  0.916666667  0.000000000   1.0
     96  0.126000000  0.958333333  0.000000000   1.0
     97  0.167666667  0.000000000  0.000000000   1.0
     98  0.167666667  0.041666667  0.000000000   1.0
     99  0.167666667  0.083333333  0.000000000   1.0
    100  0.167666667  0.125000000  0.000000000   1.0
    101  0.167666667  0.166666667  0.000000000   1.0
    102  0.167666667  0.208333333  0.000000000   1.0
    103  0.167666667  0.250000000  0.000000000   1.0
    104  0.167666667  0.291666667  0.000000000   1.0
    105  0.167666667  0.333333333  0.000000000   1.0
    106  0.167666667  0.375000000  0.000000000   1.0
    107  0.167666667  0.416666667  0.000000000   1.0
    108  0.167666667  0.458333333  0.000000000   1.0
    109  0.167666667  0.500000000  0.000000000   1.0
    110  0.167666667  0.541666667  0.000000000   1.0
    111  0.167666667  0.583333333  0.000000000   1.0
    112  0.167666667  0.625000000  0.000000000   1.0
    113  0.167666667  0.666666667  0.000000000   1.0
    114  0.167666667  0.708333333  0.000000000   1.0
    115  0.167666667  0.750000000  0.000000000   1.0
    116  0.167666667  0.791666667  0.000000000   1.0
    117  0.167666667  0.833333333  0.000000000   1.0
    118  0.167666667  0.875000000  0.000000000   1.0
    119  0.167666667  0.916666667  0.000000000   1.0
    120  0.167666667  0.958333333  0.000000000   1.0
    121  0.209333333  0.000000000  0.000000000   1.0
    122  0.209333333  0.041666667  0.000000000   1.0
    123  0.209333333  0.083333333  0.000000000   1.0
    124  0.209333333  0.125000000  0.000000000   1.0
    125  0.209333333  0.166666667  0.000000000   1.0
    126  0.209333333  0.208333333  0.000000000   1.0
    127  0.209333333  0.250000000  0.000000000   1.0
    128  0.209333333  0.291666667  0.000000000   1.0
    129  0.209333333  0.333333333  0.000000000   1.0
    130  0.209333333  0.375000000  0.000000000   1.0
    131  0.209333333  0.416666667  0.000000000   1.0
    132  0.209333333  0.458333333  0.000000000   1.0
    133  0.209333333  0.500000000  0.000000000   1.0
    134  0.209333333  0.541666667  0.000000000   1.0
    135  0.209333333  0.583333333  0.000000000   1.0
    136  0.209333333  0.625000000  0.000000000   1.0
    137  0.209333333  0.666666667  0.000000000   1.0
    138  0.209333333  0.708333333  0.000000000   1.0
    139  0.209333333  0.750000000  0.000000000   1.0
    140  0.209333333  0.791666667  0.000000000   1.0
    141  0.209333333  0.833333333  0.000000000   1.0
    142  0.209333333  0.875000000  0.000000000   1.0
    143  0.209333333  0.916666667  0.000000000   1.0
    144  0.209333333  0.958333333  0.000000000   1.0
    145  0.251000000  0.000000000  0.000000000   1.0
    146  0.251000000  0.041666667  0.000000000   1.0
    147  0.251000000  0.083333333  0.000000000   1.0
    148  0.251000000  0.125000000  0.000000000   1.0
    149  0.251000000  0.166666667  0.000000000   1.0
    150  0.251000000  0.208333333  0.000000000   1.0
    151  0.251000000  0.250000000  0.000000000   1.0
    152  0.251000000  0.291666667  0.000000000   1.0
    153  0.251000000  0.333333333  0.000000000   1.0
    154  0.251000000  0.375000000  0.000000000   1.0
    155  0.251000000  0.416666667  0.000000000   1.0
    156  0.251000000  0.458333333  0.000000000   1.0
    157  0.251000000  0.500000000  0.000000000   1.0
    158  0.251000000  0.541666667  0.000000000   1.0
    159  0.251000000  0.583333333  0.000000000   1.0
    160  0.251000000  0.625000000  0.000000000   1.0
    161  0.251000000  0.666666667  0.000000000   1.0
    162  0.251000000  0.708333333  0.000000000   1.0
    163  0.251000000  0.750000000  0.000000000   1.0
    164  0.251000000  0.791666667  0.000000000   1.0
    165  0.251000000  0.833333333  0.000000000   1.0
    166  0.251000000  0.875000000  0.000000000   1.0
    167  0.251000000  0.916666667  0.000000000   1.0
    168  0.251000000  0.958333333  0.000000000   1.0
    169  0.292666667  0.000000000  0.000000000   1.0
    170  0.292666667  0.041666667  0.000000000   1.0
    171  0.292666667  0.083333333  0.000000000   1.0
    172  0.292666667  0.125000000  0.000000000   1.0
    173  0.292666667  0.166666667  0.000000000   1.0
    174  0.292666667  0.208333333  0.000000000   1.0
    175  0.292666667  0.250000000  0.000000000   1.0
    176  0.292666667  0.291666667  0.000000000   1.0
    177  0.292666667  0.333333333  0.000000000   1.0
    178  0.292666667  0.375000000  0.000000000   1.0
    179  0.292666667  0.416666667  0.000000000   1.0
    180  0.292666667  0.458333333  0.000000000   1.0
    181  0.292666667  0.500000000  0.000000000   1.0
    182  0.292666667  0.541666667  0.000000000   1.0
    183  0.292666667  0.583333333  0.000000000   1.0
    184  0.292666667  0.625000000  0.000000000   1.0
    185  0.292666667  0.666666667  0.000000000   1.0
    186  0.292666667  0.708333333  0.000000000   1.0
    187  0.292666667  0.750000000  0.000000000   1.0
    188  0.292666667  0.791666667  0.000000000   1.0
    189  0.292666667  0.833333333  0.000000000   1.0
    190  0.292666667  0.875000000  0.000000000   1.0
    191  0.292666667  0.916666667  0.000000000   1.0
    192  0.292666667  0.958333333  0.000000000   1.0
    193  0.334333333  0.000000000  0.000000000   1.0
    194  0.334333333  0.041666667  0.000000000   1.0
    195  0.334333333  0.083333333  0.000000000   1.0
    196  0.334333333  0.125000000  0.000000000   1.0
    197  0.334333333  0.166666667  0.000000000   1.0
    198  0.334333333  0.208333333  0.000000000   1.0
    199  0.334333333  0.250000000  0.000000000   1.0
    200  0.334333333  0.291666667  0.000000000   1.0
    201  0.334333333  0.333333333  0.000000000   1.0
    202  0.334333333  0.375000000  0.000000000   1.0
    203  0.334333333  0.416666667  0.000000000   1.0
    204  0.334333333  0.458333333  0.000000000   1.0
    205  0.334333333  0.500000000  0.000000000   1.0
    206  0.334333333  0.541666667  0.000000000   1.0
    207  0.334333333  0.583333333  0.000000000   1.0
    208  0.334333333  0.625000000  0.000000000   1.0
    209  0.334333333  0.666666667  0.000000000   1.0
    210  0.334333333  0.708333333  0.000000000   1.0
    211  0.334333333  0.750000000  0.000000000   1.0
    212  0.334333333  0.791666667  0.000000000   1.0
    213  0.334333333  0.833333333  0.000000000   1.0
    214  0.334333333  0.875000000  0.000000000   1.0
    215  0.334333333  0.916666667  0.000000000   1.0
    216  0.334333333  0.958333333  0.000000000   1.0
    217  0.376000000  0.000000000  0.000000000   1.0
    218  0.376000000  0.041666667  0.000000000   1.0
    219  0.376000000  0.083333333  0.000000000   1.0
    220  0.376000000  0.125000000  0.000000000   1.0
    221  0.376000000  0.166666667  0.000000000   1.0
    222  0.376000000  0.208333333  0.000000000   1.0
    223  0.376000000  0.250000000  0.000000000   1.0
    224  0.376000000  0.291666667  0.000000000   1.0
    225  0.376000000  0.333333333  0.000000000   1.0
    226  0.376000000  0.375000000  0.000000000   1.0
    227  0.376000000  0.416666667  0.000000000   1.0
    228  0.376000000  0.458333333  0.000000000   1.0
    229  0.376000000  0.500000000  0.000000000   1.0
    230  0.376000000  0.541666667  0.000000000   1.0
    231  0.376000000  0.583333333  0.000000000   1.0
    232  0.376000000  0.625000000  0.000000000   1.0
    233  0.376000000  0.666666667  0.000000000   1.0
    234  0.376000000  0.708333333  0.000000000   1.0
    235  0.376000000  0.750000000  0.000000000   1.0
    236  0.376000000  0.791666667  0.000000000   1.0
    237  0.376000000  0.833333333  0.000000000   1.0
    238  0.376000000  0.875000000  0.000000000   1.0
    239  0.376000000  0.916666667  0.000000000   1.0
    240  0.376000000  0.958333333  0.000000000   1.0
    241  0.417666667  0.000000000  0.000000000   1.0
    242  0.417666667  0.041666667  0.000000000   1.0
    243  0.417666667  0.083333333  0.000000000   1.0
    244  0.417666667  0.125000000  0.000000000   1.0
    245  0.417666667  0.166666667  0.000000000   1.0
    246  0.417666667  0.208333333  0.000000000   1.0
    247  0.417666667  0.250000000  0.000000000   1.0
    248  0.417666667  0.291666667  0.000000000   1.0
    249  0.417666667  0.333333333  0.000000000   1.0
    250  0.417666667  0.375000000  0.000000000   1.0
    251  0.417666667  0.416666667  0.000000000   1.0
    252  0.417666667  0.458333333  0.000000000   1.0
    253  0.417666667  0.500000000  0.000000000   1.0
    254  0.417666667  0.541666667  0.000000000   1.0
    255  0.417666667  0.583333333  0.000000000   1.0
    256  0.417666667  0.625000000  0.000000000   1.0
    257  0.417666667  0.666666667  0.000000000   1.0
    258  0.417666667  0.708333333  0.000000000   1.0
    259  0.417666667  0.750000000  0.000000000   1.0
    260  0.417666667  0.791666667  0.000000000   1.0
    261  0.417666667  0.833333333  0.000000000   1.0
    262  0.417666667  0.875000000  0.000000000   1.0
    263  0.417666667  0.916666667  0.000000000   1.0
    264  0.417666667  0.958333333  0.000000000   1.0
    265  0.459333333  0.000000000  0.000000000   1.0
    266  0.459333333  0.041666667  0.000000000   1.0
    267  0.459333333  0.083333333  0.000000000   1.0
    268  0.459333333  0.125000000  0.000000000   1.0
    269  0.459333333  0.166666667  0.000000000   1.0
    270  0.459333333  0.208333333  0.000000000   1.0
    271  0.459333333  0.250000000  0.000000000   1.0
    272  0.459333333  0.291666667  0.000000000   1.0
    273  0.459333333  0.333333333  0.000000000   1.0
    274  0.459333333  0.375000000  0.000000000   1.0
    275  0.459333333  0.416666667  0.000000000   1.0
    276  0.459333333  0.458333333  0.000000000   1.0
    277  0.459333333  0.500000000  0.000000000   1.0
    278  0.459333333  0.541666667  0.000000000   1.0
    279  0.459333333  0.583333333  0.000000000   1.0
    280  0.459333333  0.625000000  0.000000000   1.0
    281  0.459333333  0.666666667  0.000000000   1.0
    282  0.459333333  0.708333333  0.000000000   1.0
    283  0.459333333  0.750000000  0.000000000   1.0
    284  0.459333333  0.791666667  0.000000000   1.0
    285  0.459333333  0.833333333  0.000000000   1.0
    286  0.459333333  0.875000000  0.000000000   1.0
    287  0.459333333  0.916666667  0.000000000   1.0
    288  0.459333333  0.958333333  0.000000000   1.0
    289  0.501000000  0.000000000  0.000000000   1.0
    290  0.501000000  0.041666667  0.000000000   1.0
    291  0.501000000  0.083333333  0.000000000   1.0
    292  0.501000000  0.125000000  0.000000000   1.0
    293  0.501000000  0.166666667  0.000000000   1.0
    294  0.501000000  0.208333333  0.000000000   1.0
    295  0.501000000  0.250000000  0.000000000   1.0
    296  0.501000000  0.291666667  0.000000000   1.0
    297  0.501000000  0.333333333  0.000000000   1.0
    298  0.501000000  0.375000000  0.000000000   1.0
    299  0.501000000  0.416666667  0.000000000   1.0
    300  0.501000000  0.458333333  0.000000000   1.0
    301  0.501000000  0.500000000  0.000000000   1.0
    302  0.501000000  0.541666667  0.000000000   1.0
    303  0.501000000  0.583333333  0.000000000   1.0
    304  0.501000000  0.625000000  0.000000000   1.0
    305  0.501000000  0.666666667  0.000000000   1.0
    306  0.501000000  0.708333333  0.000000000   1.0
    307  0.501000000  0.750000000  0.000000000   1.0
    308  0.501000000  0.791666667  0.000000000   1.0
    309  0.501000000  0.833333333  0.000000000   1.0
    310  0.501000000  0.875000000  0.000000000   1.0
    311  0.501000000  0.916666667  0.000000000   1.0
    312  0.501000000  0.958333333  0.000000000   1.0
    313  0.542666667  0.000000000  0.000000000   1.0
    314  0.542666667  0.041666667  0.000000000   1.0
    315  0.542666667  0.083333333  0.000000000   1.0
    316  0.542666667  0.125000000  0.000000000   1.0
    317  0.542666667  0.166666667  0.000000000   1.0
    318  0.542666667  0.208333333  0.000000000   1.0
    319  0.542666667  0.250000000  0.000000000   1.0
    320  0.542666667  0.291666667  0.000000000   1.0
    321  0.542666667  0.333333333  0.000000000   1.0
    322  0.542666667  0.375000000  0.000000000   1.0
    323  0.542666667  0.416666667  0.000000000   1.0
    324  0.542666667  0.458333333  0.000000000   1.0
    325  0.542666667  0.500000000  0.000000000   1.0
    326  0.542666667  0.541666667  0.000000000   1.0
    327  0.542666667  0.583333333  0.000000000   1.0
    328  0.542666667  0.625000000  0.000000000   1.0
    329  0.542666667  0.666666667  0.000000000   1.0
    330  0.542666667  0.708333333  0.000000000   1.0
    331  0.542666667  0.750000000  0.000000000   1.0
    332  0.542666667  0.791666667  0.000000000   1.0
    333  0.542666667  0.833333333  0.000000000   1.0
    334  0.542666667  0.875000000  0.000000000   1.0
    335  0.542666667  0.916666667  0.000000000   1.0
    336  0.542666667  0.958333333  0.000000000   1.0
    337  0.584333333  0.000000000  0.000000000   1.0
    338  0.584333333  0.041666667  0.000000000   1.0
    339  0.584333333  0.083333333  0.000000000   1.0
    340  0.584333333  0.125000000  0.000000000   1.0
    341  0.584333333  0.166666667  0.000000000   1.0
    342  0.584333333  0.208333333  0.000000000   1.0
    343  0.584333333  0.250000000  0.000000000   1.0
    344  0.584333333  0.291666667  0.000000000   1.0
    345  0.584333333  0.333333333  0.000000000   1.0
    346  0.584333333  0.375000000  0.000000000   1.0
    347  0.584333333  0.416666667  0.000000000   1.0
    348  0.584333333  0.458333333  0.000000000   1.0
    349  0.584333333  0.500000000  0.000000000   1.0
    350  0.584333333  0.541666667  0.000000000   1.0
    351  0.584333333  0.583333333  0.000000000   1.0
    352  0.584333333  0.625000000  0.000000000   1.0
    353  0.584333333  0.666666667  0.000000000   1.0
    354  0.584333333  0.708333333  0.000000000   1.0
    355  0.584333333  0.750000000  0.000000000   1.0
    356  0.584333333  0.791666667  0.000000000   1.0
    357  0.584333333  0.833333333  0.000000000   1.0
    358  0.584333333  0.875000000  0.000000000   1.0
    359  0.584333333  0.916666667  0.000000000   1.0
    360  0.584333333  0.958333333  0.000000000   1.0
    361  0.626000000  0.000000000  0.000000000   1.0
    362  0.626000000  0.041666667  0.000000000   1.0
    363  0.626000000  0.083333333  0.000000000   1.0
    364  0.626000000  0.125000000  0.000000000   1.0
    365  0.626000000  0.166666667  0.000000000   1.0
    366  0.626000000  0.208333333  0.000000000   1.0
    367  0.626000000  0.250000000  0.000000000   1.0
    368  0.626000000  0.291666667  0.000000000   1.0
    369  0.626000000  0.333333333  0.000000000   1.0
    370  0.626000000  0.375000000  0.000000000   1.0
    371  0.626000000  0.416666667  0.000000000   1.0
    372  0.626000000  0.458333333  0.000000000   1.0
    373  0.626000000  0.500000000  0.000000000   1.0
    374  0.626000000  0.541666667  0.000000000   1.0
    375  0.626000000  0.583333333  0.000000000   1.0
    376  0.626000000  0.625000000  0.000000000   1.0
    377  0.626000000  0.666666667  0.000000000   1.0
    378  0.626000000  0.708333333  0.000000000   1.0
    379  0.626000000  0.750000000  0.000000000   1.0
    380  0.626000000  0.791666667  0.000000000   1.0
    381  0.626000000  0.833333333  0.000000000   1.0
    382  0.626000000  0.875000000  0.000000000   1.0
    383  0.626000000  0.916666667  0.000000000   1.0
    384  0.626000000  0.958333333  0.000000000   1.0
    385  0.667666667  0.000000000  0.000000000   1.0
    386  0.667666667  0.041666667  0.000000000   1.0
    387  0.667666667  0.083333333  0.000000000   1.0
    388  0.667666667  0.125000000  0.000000000   1.0
    389  0.667666667  0.166666667  0.000000000   1.0
    390  0.667666667  0.208333333  0.000000000   1.0
    391  0.667666667  0.250000000  0.000000000   1.0
    392  0.667666667  0.291666667  0.000000000   1.0
    393  0.667666667  0.333333333  0.000000000   1.0
    394  0.667666667  0.375000000  0.000000000   1.0
    395  0.667666667  0.416666667  0.000000000   1.0
    396  0.667666667  0.458333333  0.000000000   1.0
    397  0.667666667  0.500000000  0.000000000   1.0
    398  0.667666667  0.541666667  0.000000000   1.0
    399  0.667666667  0.583333333  0.000000000   1.0
    400  0.667666667  0.625000000  0.000000000   1.0
    401  0.667666667  0.666666667  0.000000000   1.0
    402  0.667666667  0.708333333  0.000000000   1.0
    403  0.667666667  0.750000000  0.000000000   1.0
    404  0.667666667  0.791666667  0.000000000   1.0
    405  0.667666667  0.833333333  0.000000000   1.0
    406  0.667666667  0.875000000  0.000000000   1.0
    407  0.667666667  0.916666667  0.000000000   1.0
    408  0.667666667  0.958333333  0.000000000   1.0
    409  0.709333333  0.000000000  0.000000000   1.0
    410  0.709333333  0.041666667  0.000000000   1.0
    411  0.709333333  0.083333333  0.000000000   1.0
    412  0.709333333  0.125000000  0.000000000   1.0
    413  0.709333333  0.166666667  0.000000000   1.0
    414  0.709333333  0.208333333  0.000000000   1.0
    415  0.709333333  0.250000000  0.000000000   1.0
    416  0.709333333  0.291666667  0.000000000   1.0
    417  0.709333333  0.333333333  0.000000000   1.0
    418  0.709333333  0.375000000  0.000000000   1.0
    419  0.709333333  0.416666667  0.000000000   1.0
    420  0.709333333  0.458333333  0.000000000   1.0
    421  0.709333333  0.500000000  0.000000000   1.0
    422  0.709333333  0.541666667  0.000000000   1.0
    423  0.709333333  0.583333333  0.000000000   1.0
    424  0.709333333  0.625000000  0.000000000   1.0
    425  0.709333333  0.666666667  0.000000000   1.0
    426  0.709333333  0.708333333  0.000000000   1.0
    427  0.709333333  0.750000000  0.000000000   1.0
    428  0.709333333  0.791666667  0.000000000   1.0
    429  0.709333333  0.833333333  0.000000000   1.0
    430  0.709333333  0.875000000  0.000000000   1.0
    431  0.709333333  0.916666667  0.000000000   1.0
    432  0.709333333  0.958333333  0.000000000   1.0
    433  0.751000000  0.000000000  0.000000000   1.0
    434  0.751000000  0.041666667  0.000000000   1.0
    435  0.751000000  0.083333333  0.000000000   1.0
    436  0.751000000  0.125000000  0.000000000   1.0
    437  0.751000000  0.166666667  0.000000000   1.0
    438  0.751000000  0.208333333  0.000000000   1.0
    439  0.751000000  0.250000000  0.000000000   1.0
    440  0.751000000  0.291666667  0.000000000   1.0
    441  0.751000000  0.333333333  0.000000000   1.0
    442  0.751000000  0.375000000  0.000000000   1.0
    443  0.751000000  0.416666667  0.000000000   1.0
    444  0.751000000  0.458333333  0.000000000   1.0
    445  0.751000000  0.500000000  0.000000000   1.0
    446  0.751000000  0.541666667  0.000000000   1.0
    447  0.751000000  0.583333333  0.000000000   1.0
    448  0.751000000  0.625000000  0.000000000   1.0
    449  0.751000000  0.666666667  0.000000000   1.0
    450  0.751000000  0.708333333  0.000000000   1.0
    451  0.751000000  0.750000000  0.000000000   1.0
    452  0.751000000  0.791666667  0.000000000   1.0
    453  0.751000000  0.833333333  0.000000000   1.0
    454  0.751000000  0.875000000  0.000000000   1.0
    455  0.751000000  0.916666667  0.000000000   1.0
    456  0.751000000  0.958333333  0.000000000   1.0
    457  0.792666667  0.000000000  0.000000000   1.0
    458  0.792666667  0.041666667  0.000000000   1.0
    459  0.792666667  0.083333333  0.000000000   1.0
    460  0.792666667  0.125000000  0.000000000   1.0
    461  0.792666667  0.166666667  0.000000000   1.0
    462  0.792666667  0.208333333  0.000000000   1.0
    463  0.792666667  0.250000000  0.000000000   1.0
    464  0.792666667  0.291666667  0.000000000   1.0
    465  0.792666667  0.333333333  0.000000000   1.0
    466  0.792666667  0.375000000  0.000000000   1.0
    467  0.792666667  0.416666667  0.000000000   1.0
    468  0.792666667  0.458333333  0.000000000   1.0
    469  0.792666667  0.500000000  0.000000000   1.0
    470  0.792666667  0.541666667  0.000000000   1.0
    471  0.792666667  0.583333333  0.000000000   1.0
    472  0.792666667  0.625000000  0.000000000   1.0
    473  0.792666667  0.666666667  0.000000000   1.0
    474  0.792666667  0.708333333  0.000000000   1.0
    475  0.792666667  0.750000000  0.000000000   1.0
    476  0.792666667  0.791666667  0.000000000   1.0
    477  0.792666667  0.833333333  0.000000000   1.0
    478  0.792666667  0.875000000  0.000000000   1.0
    479  0.792666667  0.916666667  0.000000000   1.0
    480  0.792666667  0.958333333  0.000000000   1.0
    481  0.834333333  0.000000000  0.000000000   1.0
    482  0.834333333  0.041666667  0.000000000   1.0
    483  0.834333333  0.083333333  0.000000000   1.0
    484  0.834333333  0.125000000  0.000000000   1.0
    485  0.834333333  0.166666667  0.000000000   1.0
    486  0.834333333  0.208333333  0.000000000   1.0
    487  0.834333333  0.250000000  0.000000000   1.0
    488  0.834333333  0.291666667  0.000000000   1.0
    489  0.834333333  0.333333333  0.000000000   1.0
    490  0.834333333  0.375000000  0.000000000   1.0
    491  0.834333333  0.416666667  0.000000000   1.0
    492  0.834333333  0.458333333  0.000000000   1.0
    493  0.834333333  0.500000000  0.000000000   1.0
    494  0.834333333  0.541666667  0.000000000   1.0
    495  0.834333333  0.583333333  0.000000000   1.0
    496  0.834333333  0.625000000  0.000000000   1.0
    497  0.834333333  0.666666667  0.000000000   1.0
    498  0.834333333  0.708333333  0.000000000   1.0
    499  0.834333333  0.750000000  0.000000000   1.0
    500  0.834333333  0.791666667  0.000000000   1.0
    501  0.834333333  0.833333333  0.000000000   1.0
    502  0.834333333  0.875000000  0.000000000   1.0
    503  0.834333333  0.916666667  0.000000000   1.0
    504  0.834333333  0.958333333  0.000000000   1.0
    505  0.876000000  0.000000000  0.000000000   1.0
    506  0.876000000  0.041666667  0.000000000   1.0
    507  0.876000000  0.083333333  0.000000000   1.0
    508  0.876000000  0.125000000  0.000000000   1.0
    509  0.876000000  0.166666667  0.000000000   1.0
    510  0.876000000  0.208333333  0.000000000   1.0
    511  0.876000000  0.250000000  0.000000000   1.0
    512  0.876000000  0.291666667  0.000000000   1.0
    513  0.876000000  0.333333333  0.000000000   1.0
    514  0.876000000  0.375000000  0.000000000   1.0
    515  0.876000000  0.416666667  0.000000000   1.0
    516  0.876000000  0.458333333  0.000000000   1.0
    517  0.876000000  0.500000000  0.000000000   1.0
    518  0.876000000  0.541666667  0.000000000   1.0
    519  0.876000000  0.583333333  0.000000000   1.0
    520  0.876000000  0.625000000  0.000000000   1.0
    521  0.876000000  0.666666667  0.000000000   1.0
    522  0.876000000  0.708333333  0.000000000   1.0
    523  0.876000000  0.750000000  0.000000000   1.0
    524  0.876000000  0.791666667  0.000000000   1.0
    525  0.876000000  0.833333333  0.000000000   1.0
    526  0.876000000  0.875000000  0.000000000   1.0
    527  0.876000000  0.916666667  0.000000000   1.0
    528  0.876000000  0.958333333  0.000000000   1.0
    529  0.917666667  0.000000000  0.000000000   1.0
    530  0.917666667  0.041666667  0.000000000   1.0
    531  0.917666667  0.083333333  0.000000000   1.0
    532  0.917666667  0.125000000  0.000000000   1.0
    533  0.917666667  0.166666667  0.000000000   1.0
    534  0.917666667  0.208333333  0.000000000   1.0
    535  0.917666667  0.250000000  0.000000000   1.0
    536  0.917666667  0.291666667  0.000000000   1.0
    537  0.917666667  0.333333333  0.000000000   1.0
    538  0.917666667  0.375000000  0.000000000   1.0
    539  0.917666667  0.416666667  0.000000000   1.0
    540  0.917666667  0.458333333  0.000000000   1.0
    541  0.917666667  0.500000000  0.000000000   1.0
    542  0.917666667  0.541666667  0.000000000   1.0
    543  0.917666667  0.583333333  0.000000000   1.0
    544  0.917666667  0.625000000  0.000000000   1.0
    545  0.917666667  0.666666667  0.000000000   1.0
    546  0.917666667  0.708333333  0.000000000   1.0
    547  0.917666667  0.750000000  0.000000000   1.0
    548  0.917666667  0.791666667  0.000000000   1.0
    549  0.917666667  0.833333333  0.000000000   1.0
    550  0.917666667  0.875000000  0.000000000   1.0
    551  0.917666667  0.916666667  0.000000000   1.0
    552  0.917666667  0.958333333  0.000000000   1.0
    553  0.959333333  0.000000000  0.000000000   1.0
    554  0.959333333  0.041666667  0.000000000   1.0
    555  0.959333333  0.083333333  0.000000000   1.0
    556  0.959333333  0.125000000  0.000000000   1.0
    557  0.959333333  0.166666667  0.000000000   1.0
    558  0.959333333  0.208333333  0.000000000   1.0
    559  0.959333333  0.250000000  0.000000000   1.0
    560  0.959333333  0.291666667  0.000000000   1.0
    561  0.959333333  0.333333333  0.000000000   1.0
    562  0.959333333  0.375000000  0.000000000   1.0
    563  0.959333333  0.416666667  0.000000000   1.0
    564  0.959333333  0.458333333  0.000000000   1.0
    565  0.959333333  0.500000000  0.000000000   1.0
    566  0.959333333  0.541666667  0.000000000   1.0
    567  0.959333333  0.583333333  0.000000000   1.0
    568  0.959333333  0.625000000  0.000000000   1.0
    569  0.959333333  0.666666667  0.000000000   1.0
    570  0.959333333  0.708333333  0.000000000   1.0
    571  0.959333333  0.750000000  0.000000000   1.0
    572  0.959333333  0.791666667  0.000000000   1.0
    573  0.959333333  0.833333333  0.000000000   1.0
    574  0.959333333  0.875000000  0.000000000   1.0
    575  0.959333333  0.916666667  0.000000000   1.0
    576  0.959333333  0.958333333  0.000000000   1.0

k-points folded with the symmetries of a subgroup of the q-vector
    300
      1  0.001000000  0.000000000  0.000000000   1.0
      2  0.001000000  0.041666667  0.000000000   2.0
      3  0.001000000  0.083333333  0.000000000   2.0
      4  0.001000000  0.125000000  0.000000000   2.0
      5  0.001000000  0.166666667  0.000000000   2.0
      6  0.001000000  0.208333333  0.000000000   2.0
      7  0.001000000  0.250000000  0.000000000   2.0
      8  0.001000000  0.291666667  0.000000000   2.0
      9  0.001000000  0.333333333  0.000000000   2.0
     10  0.001000000  0.375000000  0.000000000   2.0
     11  0.001000000  0.416666667  0.000000000   2.0
     12  0.001000000  0.458333333  0.000000000   2.0
     13  0.001000000  0.500000000  0.000000000   2.0
     14  0.001000000  0.541666667  0.000000000   2.0
     15  0.001000000  0.583333333  0.000000000   2.0
     16  0.001000000  0.625000000  0.000000000   2.0
     17  0.001000000  0.666666667  0.000000000   2.0
     18  0.001000000  0.708333333  0.000000000   2.0
     19  0.001000000  0.750000000  0.000000000   2.0
     20  0.001000000  0.791666667  0.000000000   2.0
     21  0.001000000  0.833333333  0.000000000   2.0
     22  0.001000000  0.875000000  0.000000000   2.0
     23  0.001000000  0.916666667  0.000000000   2.0
     24  0.001000000  0.958333333  0.000000000   2.0
     25  0.042666667  0.000000000  0.000000000   1.0
     26  0.042666667  0.041666667  0.000000000   2.0
     27  0.042666667  0.083333333  0.000000000   2.0
     28  0.042666667  0.125000000  0.000000000   2.0
     29  0.042666667  0.166666667  0.000000000   2.0
     30  0.042666667  0.208333333  0.000000000   2.0
     31  0.042666667  0.250000000  0.000000000   2.0
     32  0.042666667  0.291666667  0.000000000   2.0
     33  0.042666667  0.333333333  0.000000000   2.0
     34  0.042666667  0.375000000  0.000000000   2.0
     35  0.042666667  0.416666667  0.000000000   2.0
     36  0.042666667  0.458333333  0.000000000   2.0
     37  0.042666667  0.500000000  0.000000000   2.0
     38  0.042666667  0.541666667  0.000000000   2.0
     39  0.042666667  0.583333333  0.000000000   2.0
     40  0.042666667  0.625000000  0.000000000   2.0
     41  0.042666667  0.666666667  0.000000000   2.0
     42  0.042666667  0.708333333  0.000000000   2.0
     43  0.042666667  0.750000000  0.000000000   2.0
     44  0.042666667  0.791666667  0.000000000   2.0
     45  0.042666667  0.833333333  0.000000000   2.0
     46  0.042666667  0.875000000  0.000000000   2.0
     47  0.084333333  0.000000000  0.000000000   1.0
     48  0.084333333  0.041666667  0.000000000   2.0
     49  0.084333333  0.083333333  0.000000000   2.0
     50  0.084333333  0.125000000  0.000000000   2.0
     51  0.084333333  0.166666667  0.000000000   2.0
     52  0.084333333  0.208333333  0.000000000   2.0
     53  0.084333333  0.250000000  0.000000000   2.0
     54  0.084333333  0.291666667  0.000000000   2.0
     55  0.084333333  0.333333333  0.000000000   2.0
     56  0.084333333  0.375000000  0.000000000   2.0
     57  0.084333333  0.416666667  0.000000000   2.0
     58  0.084333333  0.458333333  0.000000000   2.0
     59  0.084333333  0.500000000  0.000000000   2.0
     60  0.084333333  0.541666667  0.000000000   2.0
     61  0.084333333  0.583333333  0.000000000   2.0
     62  0.084333333  0.625000000  0.000000000   2.0
     63  0.084333333  0.666666667  0.000000000   2.0
     64  0.084333333  0.708333333  0.000000000   2.0
     65  0.084333333  0.750000000  0.000000000   2.0
     66  0.084333333  0.791666667  0.000000000   2.0
     67  0.126000000  0.000000000  0.000000000   1.0
     68  0.126000000  0.041666667  0.000000000   2.0
     69  0.126000000  0.083333333  0.000000000   2.0
     70  0.126000000  0.125000000  0.000000000   2.0
     71  0.126000000  0.166666667  0.000000000   2.0
     72  0.126000000  0.208333333  0.000000000   2.0
     73  0.126000000  0.250000000  0.000000000   2.0
     74  0.126000000  0.291666667  0.000000000   2.0
     75  0.126000000  0.333333333  0.000000000   2.0
     76  0.126000000  0.375000000  0.000000000   2.0
     77  0.126000000  0.416666667  0.000000000   2.0
     78  0.126000000  0.458333333  0.000000000   2.0
     79  0.126000000  0.500000000  0.000000000   2.0
     80  0.126000000  0.541666667  0.000000000   2.0
     81  0.126000000  0.583333333  0.000000000   2.0
     82  0.126000000  0.625000000  0.000000000   2.0
     83  0.126000000  0.666666667  0.000000000   2.0
     84  0.126000000  0.708333333  0.000000000   2.0
     85  0.167666667  0.000000000  0.000000000   1.0
     86  0.167666667  0.041666667  0.000000000   2.0
     87  0.167666667  0.083333333  0.000000000   2.0
     88  0.167666667  0.125000000  0.000000000   2.0
     89  0.167666667  0.166666667  0.000000000   2.0
     90  0.167666667  0.208333333  0.000000000   2.0
     91  0.167666667  0.250000000  0.000000000   2.0
     92  0.167666667  0.291666667  0.000000000   2.0
     93  0.167666667  0.333333333  0.000000000   2.0
     94  0.167666667  0.375000000  0.000000000   2.0
     95  0.167666667  0.416666667  0.000000000   2.0
     96  0.167666667  0.458333333  0.000000000   2.0
     97  0.167666667  0.500000000  0.000000000   2.0
     98  0.167666667  0.541666667  0.000000000   2.0
     99  0.167666667  0.583333333  0.000000000   2.0
    100  0.167666667  0.625000000  0.000000000   2.0
    101  0.209333333  0.000000000  0.000000000   1.0
    102  0.209333333  0.041666667  0.000000000   2.0
    103  0.209333333  0.083333333  0.000000000   2.0
    104  0.209333333  0.125000000  0.000000000   2.0
    105  0.209333333  0.166666667  0.000000000   2.0
    106  0.209333333  0.208333333  0.000000000   2.0
    107  0.209333333  0.250000000  0.000000000   2.0
    108  0.209333333  0.291666667  0.000000000   2.0
    109  0.209333333  0.333333333  0.000000000   2.0
    110  0.209333333  0.375000000  0.000000000   2.0
    111  0.209333333  0.416666667  0.000000000   2.0
    112  0.209333333  0.458333333  0.000000000   2.0
    113  0.209333333  0.500000000  0.000000000   2.0
    114  0.209333333  0.541666667  0.000000000   2.0
    115  0.251000000  0.000000000  0.000000000   1.0
    116  0.251000000  0.041666667  0.000000000   2.0
    117  0.251000000  0.083333333  0.000000000   2.0
    118  0.251000000  0.125000000  0.000000000   2.0
    119  0.251000000  0.166666667  0.000000000   2.0
    120  0.251000000  0.208333333  0.000000000   2.0
    121  0.251000000  0.250000000  0.000000000   2.0
    122  0.251000000  0.291666667  0.000000000   2.0
    123  0.251000000  0.333333333  0.000000000   2.0
    124  0.251000000  0.375000000  0.000000000   2.0
    125  0.251000000  0.416666667  0.000000000   2.0
    126  0.251000000  0.458333333  0.000000000   2.0
    127  0.292666667  0.000000000  0.000000000   1.0
    128  0.292666667  0.041666667  0.000000000   2.0
    129  0.292666667  0.083333333  0.000000000   2.0
    130  0.292666667  0.125000000  0.000000000   2.0
    131  0.292666667  0.166666667  0.000000000   2.0
    132  0.292666667  0.208333333  0.000000000   2.0
    133  0.292666667  0.250000000  0.000000000   2.0
    134  0.292666667  0.291666667  0.000000000   2.0
    135  0.292666667  0.333333333  0.000000000   2.0
    136  0.292666667  0.375000000  0.000000000   2.0
    137  0.334333333  0.000000000  0.000000000   1.0
    138  0.334333333  0.041666667  0.000000000   2.0
    139  0.334333333  0.083333333  0.000000000   2.0
    140  0.334333333  0.125000000  0.000000000   2.0
    141  0.334333333  0.166666667  0.000000000   2.0
    142  0.334333333  0.208333333  0.000000000   2.0
    143  0.334333333  0.250000000  0.000000000   2.0
    144  0.334333333  0.291666667  0.000000000   2.0
    145  0.334333333  0.333333333  0.000000000   2.0
    146  0.376000000  0.000000000  0.000000000   1.0
    147  0.376000000  0.041666667  0.000000000   2.0
    148  0.376000000  0.083333333  0.000000000   2.0
    149  0.376000000  0.125000000  0.000000000   2.0
    150  0.376000000  0.166666667  0.000000000   2.0
    151  0.376000000  0.208333333  0.000000000   2.0
    152  0.376000000  0.250000000  0.000000000   2.0
    153  0.376000000  0.291666667  0.000000000   2.0
    154  0.417666667  0.000000000  0.000000000   1.0
    155  0.417666667  0.041666667  0.000000000   2.0
    156  0.417666667  0.083333333  0.000000000   2.0
    157  0.417666667  0.125000000  0.000000000   2.0
    158  0.417666667  0.166666667  0.000000000   2.0
    159  0.417666667  0.208333333  0.000000000   2.0
    160  0.417666667  0.250000000  0.000000000   2.0
    161  0.417666667  0.291666667  0.000000000   2.0
    162  0.459333333  0.000000000  0.000000000   1.0
    163  0.459333333  0.041666667  0.000000000   2.0
    164  0.459333333  0.083333333  0.000000000   2.0
    165  0.459333333  0.125000000  0.000000000   2.0
    166  0.459333333  0.166666667  0.000000000   2.0
    167  0.459333333  0.208333333  0.000000000   2.0
    168  0.459333333  0.250000000  0.000000000   2.0
    169  0.501000000  0.000000000  0.000000000   1.0
    170  0.501000000  0.041666667  0.000000000   2.0
    171  0.501000000  0.083333333  0.000000000   2.0
    172  0.501000000  0.125000000  0.000000000   2.0
    173  0.501000000  0.166666667  0.000000000   2.0
    174  0.501000000  0.208333333  0.000000000   2.0
    175  0.501000000  0.250000000  0.000000000   2.0
    176  0.542666667  0.000000000  0.000000000   1.0
    177  0.542666667  0.041666667  0.000000000   2.0
    178  0.542666667  0.083333333  0.000000000   2.0
    179  0.542666667  0.125000000  0.000000000   2.0
    180  0.542666667  0.166666667  0.000000000   2.0
    181  0.542666667  0.208333333  0.000000000   2.0
    182  0.584333333  0.000000000  0.000000000   1.0
    183  0.584333333  0.041666667  0.000000000   2.0
    184  0.584333333  0.083333333  0.000000000   2.0
    185  0.584333333  0.125000000  0.000000000   2.0
    186  0.584333333  0.166666667  0.000000000   2.0
    187  0.584333333  0.208333333  0.000000000   2.0
    188  0.626000000  0.000000000  0.000000000   1.0
    189  0.626000000  0.041666667  0.000000000   2.0
    190  0.626000000  0.083333333  0.000000000   2.0
    191  0.626000000  0.125000000  0.000000000   2.0
    192  0.626000000  0.166666667  0.000000000   2.0
    193  0.667666667  0.000000000  0.000000000   1.0
    194  0.667666667  0.041666667  0.000000000   2.0
    195  0.667666667  0.083333333  0.000000000   2.0
    196  0.667666667  0.125000000  0.000000000   2.0
    197  0.667666667  0.166666667  0.000000000   2.0
    198  0.709333333  0.000000000  0.000000000   1.0
    199  0.709333333  0.041666667  0.000000000   2.0
    200  0.709333333  0.083333333  0.000000000   2.0
    201  0.709333333  0.125000000  0.000000000   2.0
    202  0.709333333  0.583333333  0.000000000   2.0
    203  0.709333333  0.625000000  0.000000000   2.0
    204  0.709333333  0.666666667  0.000000000   2.0
    205  0.751000000  0.000000000  0.000000000   1.0
    206  0.751000000  0.041666667  0.000000000   2.0
    207  0.751000000  0.083333333  0.000000000   2.0
    208  0.751000000  0.125000000  0.000000000   2.0
    209  0.751000000  0.500000000  0.000000000   2.0
    210  0.751000000  0.541666667  0.000000000   2.0
    211  0.751000000  0.583333333  0.000000000   2.0
    212  0.751000000  0.625000000  0.000000000   2.0
    213  0.751000000  0.666666667  0.000000000   2.0
    214  0.751000000  0.708333333  0.000000000   2.0
    215  0.792666667  0.000000000  0.000000000   1.0
    216  0.792666667  0.041666667  0.000000000   2.0
    217  0.792666667  0.083333333  0.000000000   2.0
    218  0.792666667  0.416666667  0.000000000   2.0
    219  0.792666667  0.458333333  0.000000000   2.0
    220  0.792666667  0.500000000  0.000000000   2.0
    221  0.792666667  0.541666667  0.000000000   2.0
    222  0.792666667  0.583333333  0.000000000   2.0
    223  0.792666667  0.625000000  0.000000000   2.0
    224  0.792666667  0.666666667  0.000000000   2.0
    225  0.792666667  0.708333333  0.000000000   2.0
    226  0.792666667  0.750000000  0.000000000   2.0
    227  0.834333333  0.000000000  0.000000000   1.0
    228  0.834333333  0.041666667  0.000000000   2.0
    229  0.834333333  0.083333333  0.000000000   2.0
    230  0.834333333  0.333333333  0.000000000   2.0
    231  0.834333333  0.375000000  0.000000000   2.0
    232  0.834333333  0.416666667  0.000000000   2.0
    233  0.834333333  0.458333333  0.000000000   2.0
    234  0.834333333  0.500000000  0.000000000   2.0
    235  0.834333333  0.541666667  0.000000000   2.0
    236  0.834333333  0.583333333  0.000000000   2.0
    237  0.834333333  0.625000000  0.000000000   2.0
    238  0.834333333  0.666666667  0.000000000   2.0
    239  0.834333333  0.708333333  0.000000000   2.0
    240  0.834333333  0.750000000  0.000000000   2.0
    241  0.834333333  0.791666667  0.000000000   2.0
    242  0.876000000  0.000000000  0.000000000   1.0
    243  0.876000000  0.041666667  0.000000000   2.0
    244  0.876000000  0.250000000  0.000000000   2.0
    245  0.876000000  0.291666667  0.000000000   2.0
    246  0.876000000  0.333333333  0.000000000   2.0
    247  0.876000000  0.375000000  0.000000000   2.0
    248  0.876000000  0.416666667  0.000000000   2.0
    249  0.876000000  0.458333333  0.000000000   2.0
    250  0.876000000  0.500000000  0.000000000   2.0
    251  0.876000000  0.541666667  0.000000000   2.0
    252  0.876000000  0.583333333  0.000000000   2.0
    253  0.876000000  0.625000000  0.000000000   2.0
    254  0.876000000  0.666666667  0.000000000   2.0
    255  0.876000000  0.708333333  0.000000000   2.0
    256  0.876000000  0.750000000  0.000000000   2.0
    257  0.876000000  0.791666667  0.000000000   2.0
    258  0.876000000  0.833333333  0.000000000   2.0
    259  0.917666667  0.000000000  0.000000000   1.0
    260  0.917666667  0.041666667  0.000000000   2.0
    261  0.917666667  0.166666667  0.000000000   2.0
    262  0.917666667  0.208333333  0.000000000   2.0
    263  0.917666667  0.250000000  0.000000000   2.0
    264  0.917666667  0.291666667  0.000000000   2.0
    265  0.917666667  0.333333333  0.000000000   2.0
    266  0.917666667  0.375000000  0.000000000   2.0
    267  0.917666667  0.416666667  0.000000000   2.0
    268  0.917666667  0.458333333  0.000000000   2.0
    269  0.917666667  0.500000000  0.000000000   2.0
    270  0.917666667  0.541666667  0.000000000   2.0
    271  0.917666667  0.583333333  0.000000000   2.0
    272  0.917666667  0.625000000  0.000000000   2.0
    273  0.917666667  0.666666667  0.000000000   2.0
    274  0.917666667  0.708333333  0.000000000   2.0
    275  0.917666667  0.750000000  0.000000000   2.0
    276  0.917666667  0.791666667  0.000000000   2.0
    277  0.917666667  0.833333333  0.000000000   2.0
    278  0.917666667  0.875000000  0.000000000   2.0
    279  0.959333333  0.000000000  0.000000000   1.0
    280  0.959333333  0.083333333  0.000000000   2.0
    281  0.959333333  0.125000000  0.000000000   2.0
    282  0.959333333  0.166666667  0.000000000   2.0
    283  0.959333333  0.208333333  0.000000000   2.0
    284  0.959333333  0.250000000  0.000000000   2.0
    285  0.959333333  0.291666667  0.000000000   2.0
    286  0.959333333  0.333333333  0.000000000   2.0
    287  0.959333333  0.375000000  0.000000000   2.0
    288  0.959333333  0.416666667  0.000000000   2.0
    289  0.959333333  0.458333333  0.000000000   2.0
    290  0.959333333  0.500000000  0.000000000   2.0
    291  0.959333333  0.541666667  0.000000000   2.0
    292  0.959333333  0.583333333  0.000000000   2.0
    293  0.959333333  0.625000000  0.000000000   2.0
    294  0.959333333  0.666666667  0.000000000   2.0
    295  0.959333333  0.708333333  0.000000000   2.0
    296  0.959333333  0.750000000  0.000000000   2.0
    297  0.959333333  0.791666667  0.000000000   2.0
    298  0.959333333  0.833333333  0.000000000   2.0
    299  0.959333333  0.875000000  0.000000000   2.0
    300  0.959333333  0.916666667  0.000000000   2.0

