k-points are in crystal coordinates
nk(3) =    24   24    1
dk(3) =   0.000000000  0.000000000  0.000000000

direct lattice vectors
a1 =   5.942844683  0.000000000  0.000000000
a2 =  -2.971422341  5.146654464  0.000000000
a3 =   0.000000000  0.000000000 37.794522493

unit cell volume =  0.115597450E+04

reciprocal lattice vectors
b1 =   1.057268975  0.610414528  0.000000000
b2 =   0.000000000  1.220829055  0.000000000
b3 =   0.000000000  0.000000000  0.166245924

symmetries of the Bravais lattice
 24
Space group 191, symbol P6/mmm               
r01 =     1   0   0     0   1   0     0   0   1      0.000000    0.000000    0.000000
r02 =     1   0   0     0   1   0     0   0  -1      0.000000    0.000000    0.000000
r03 =    -1   0   0    -1   1   0     0   0   1      0.000000    0.000000    0.000000
r04 =    -1   0   0    -1   1   0     0   0  -1      0.000000    0.000000    0.000000
r05 =    -1   1   0     0   1   0     0   0   1      0.000000    0.000000    0.000000
r06 =    -1   1   0     0   1   0     0   0  -1      0.000000    0.000000    0.000000
r07 =     1  -1   0     1   0   0     0   0   1      0.000000    0.000000    0.000000
r08 =     1  -1   0     1   0   0     0   0  -1      0.000000    0.000000    0.000000
r09 =    -1   0   0     0  -1   0     0   0   1      0.000000    0.000000    0.000000
r10 =    -1   0   0     0  -1   0     0   0  -1      0.000000    0.000000    0.000000
r11 =     1   0   0     1  -1   0     0   0   1      0.000000    0.000000    0.000000
r12 =     1   0   0     1  -1   0     0   0  -1      0.000000    0.000000    0.000000
r13 =     1  -1   0     0  -1   0     0   0   1      0.000000    0.000000    0.000000
r14 =     1  -1   0     0  -1   0     0   0  -1      0.000000    0.000000    0.000000
r15 =    -1   1   0    -1   0   0     0   0   1      0.000000    0.000000    0.000000
r16 =    -1   1   0    -1   0   0     0   0  -1      0.000000    0.000000    0.000000
r17 =     0   1   0    -1   1   0     0   0   1      0.000000    0.000000    0.000000
r18 =     0   1   0    -1   1   0     0   0  -1      0.000000    0.000000    0.000000
r19 =     0  -1   0    -1   0   0     0   0   1      0.000000    0.000000    0.000000
r20 =     0  -1   0    -1   0   0     0   0  -1      0.000000    0.000000    0.000000
r21 =     0   1   0     1   0   0     0   0   1      0.000000    0.000000    0.000000
r22 =     0   1   0     1   0   0     0   0  -1      0.000000    0.000000    0.000000
r23 =     0  -1   0     1  -1   0     0   0   1      0.000000    0.000000    0.000000
r24 =     0  -1   0     1  -1   0     0   0  -1      0.000000    0.000000    0.000000

symmetries of the crystal without FFT grid
 12
Space group 187, symbol P-6m2                
r01 =     1   0   0     0   1   0     0   0   1      0.000000    0.000000    0.000000
r02 =     1   0   0     0   1   0     0   0  -1      0.000000    0.000000   -0.000000
r03 =    -1   1   0     0   1   0     0   0   1      0.000000    0.000000    0.000000
r04 =    -1   1   0     0   1   0     0   0  -1      0.000000    0.000000   -0.000000
r05 =     1   0   0     1  -1   0     0   0   1      0.000000    0.000000    0.000000
r06 =     1   0   0     1  -1   0     0   0  -1      0.000000    0.000000   -0.000000
r07 =    -1   1   0    -1   0   0     0   0   1      0.000000    0.000000    0.000000
r08 =    -1   1   0    -1   0   0     0   0  -1      0.000000    0.000000   -0.000000
r09 =     0  -1   0    -1   0   0     0   0   1      0.000000    0.000000    0.000000
r10 =     0  -1   0    -1   0   0     0   0  -1      0.000000    0.000000   -0.000000
r11 =     0  -1   0     1  -1   0     0   0   1      0.000000    0.000000    0.000000
r12 =     0  -1   0     1  -1   0     0   0  -1      0.000000    0.000000   -0.000000

FFT grid:     40    40   240

symmetries of the crystal with FFT grid
 12
Space group 187, symbol P-6m2                
r01 =     1   0   0     0   1   0     0   0   1      0.000000    0.000000    0.000000
r02 =     1   0   0     0   1   0     0   0  -1      0.000000    0.000000   -0.000000
r03 =    -1   1   0     0   1   0     0   0   1      0.000000    0.000000    0.000000
r04 =    -1   1   0     0   1   0     0   0  -1      0.000000    0.000000   -0.000000
r05 =     1   0   0     1  -1   0     0   0   1      0.000000    0.000000    0.000000
r06 =     1   0   0     1  -1   0     0   0  -1      0.000000    0.000000   -0.000000
r07 =    -1   1   0    -1   0   0     0   0   1      0.000000    0.000000    0.000000
r08 =    -1   1   0    -1   0   0     0   0  -1      0.000000    0.000000   -0.000000
r09 =     0  -1   0    -1   0   0     0   0   1      0.000000    0.000000    0.000000
r10 =     0  -1   0    -1   0   0     0   0  -1      0.000000    0.000000   -0.000000
r11 =     0  -1   0     1  -1   0     0   0   1      0.000000    0.000000    0.000000
r12 =     0  -1   0     1  -1   0     0   0  -1      0.000000    0.000000   -0.000000

symmetries that reduce the k-points
r03 =    -1   1   0     0   1   0     0   0   1
r05 =     1   0   0     1  -1   0     0   0   1
r07 =    -1   1   0    -1   0   0     0   0   1
r09 =     0  -1   0    -1   0   0     0   0   1
r11 =     0  -1   0     1  -1   0     0   0   1

k-points in the original uniform grid
    576
      1  0.000000000  0.000000000  0.000000000   1.0       0  ---
      2  0.000000000  0.041666667  0.000000000   3.0       0  ---
      3  0.000000000  0.083333333  0.000000000   3.0       0  ---
      4  0.000000000  0.125000000  0.000000000   3.0       0  ---
      5  0.000000000  0.166666667  0.000000000   3.0       0  ---
      6  0.000000000  0.208333333  0.000000000   3.0       0  ---
      7  0.000000000  0.250000000  0.000000000   3.0       0  ---
      8  0.000000000  0.291666667  0.000000000   3.0       0  ---
      9  0.000000000  0.333333333  0.000000000   3.0       0  ---
     10  0.000000000  0.375000000  0.000000000   3.0       0  ---
     11  0.000000000  0.416666667  0.000000000   3.0       0  ---
     12  0.000000000  0.458333333  0.000000000   3.0       0  ---
     13  0.000000000  0.500000000  0.000000000   3.0       0  ---
     14  0.000000000  0.541666667  0.000000000   3.0       0  ---
     15  0.000000000  0.583333333  0.000000000   3.0       0  ---
     16  0.000000000  0.625000000  0.000000000   3.0       0  ---
     17  0.000000000  0.666666667  0.000000000   3.0       0  ---
     18  0.000000000  0.708333333  0.000000000   3.0       0  ---
     19  0.000000000  0.750000000  0.000000000   3.0       0  ---
     20  0.000000000  0.791666667  0.000000000   3.0       0  ---
     21  0.000000000  0.833333333  0.000000000   3.0       0  ---
     22  0.000000000  0.875000000  0.000000000   3.0       0  ---
     23  0.000000000  0.916666667  0.000000000   3.0       0  ---
     24  0.000000000  0.958333333  0.000000000   3.0       0  ---
     25  0.041666667  0.000000000  0.000000000   0.0      24  r09
     26  0.041666667  0.041666667  0.000000000   6.0       0  ---
     27  0.041666667  0.083333333  0.000000000   6.0       0  ---
     28  0.041666667  0.125000000  0.000000000   6.0       0  ---
     29  0.041666667  0.166666667  0.000000000   6.0       0  ---
     30  0.041666667  0.208333333  0.000000000   6.0       0  ---
     31  0.041666667  0.250000000  0.000000000   6.0       0  ---
     32  0.041666667  0.291666667  0.000000000   6.0       0  ---
     33  0.041666667  0.333333333  0.000000000   6.0       0  ---
     34  0.041666667  0.375000000  0.000000000   6.0       0  ---
     35  0.041666667  0.416666667  0.000000000   6.0       0  ---
     36  0.041666667  0.458333333  0.000000000   6.0       0  ---
     37  0.041666667  0.500000000  0.000000000   6.0       0  ---
     38  0.041666667  0.541666667  0.000000000   6.0       0  ---
     39  0.041666667  0.583333333  0.000000000   6.0       0  ---
     40  0.041666667  0.625000000  0.000000000   6.0       0  ---
     41  0.041666667  0.666666667  0.000000000   6.0       0  ---
     42  0.041666667  0.708333333  0.000000000   6.0       0  ---
     43  0.041666667  0.750000000  0.000000000   6.0       0  ---
     44  0.041666667  0.791666667  0.000000000   6.0       0  ---
     45  0.041666667  0.833333333  0.000000000   6.0       0  ---
     46  0.041666667  0.875000000  0.000000000   6.0       0  ---
     47  0.041666667  0.916666667  0.000000000   0.0      26  r07
     48  0.041666667  0.958333333  0.000000000   0.0       2  r05
     49  0.083333333  0.000000000  0.000000000   0.0      23  r09
     50  0.083333333  0.041666667  0.000000000   0.0      46  r11
     51  0.083333333  0.083333333  0.000000000   6.0       0  ---
     52  0.083333333  0.125000000  0.000000000   6.0       0  ---
     53  0.083333333  0.166666667  0.000000000   6.0       0  ---
     54  0.083333333  0.208333333  0.000000000   6.0       0  ---
     55  0.083333333  0.250000000  0.000000000   6.0       0  ---
     56  0.083333333  0.291666667  0.000000000   6.0       0  ---
     57  0.083333333  0.333333333  0.000000000   6.0       0  ---
     58  0.083333333  0.375000000  0.000000000   6.0       0  ---
     59  0.083333333  0.416666667  0.000000000   6.0       0  ---
     60  0.083333333  0.458333333  0.000000000   6.0       0  ---
     61  0.083333333  0.500000000  0.000000000   6.0       0  ---
     62  0.083333333  0.541666667  0.000000000   6.0       0  ---
     63  0.083333333  0.583333333  0.000000000   6.0       0  ---
     64  0.083333333  0.625000000  0.000000000   6.0       0  ---
     65  0.083333333  0.666666667  0.000000000   6.0       0  ---
     66  0.083333333  0.708333333  0.000000000   6.0       0  ---
     67  0.083333333  0.750000000  0.000000000   6.0       0  ---
     68  0.083333333  0.791666667  0.000000000   6.0       0  ---
     69  0.083333333  0.833333333  0.000000000   0.0      51  r07
     70  0.083333333  0.875000000  0.000000000   0.0      27  r07
     71  0.083333333  0.916666667  0.000000000   0.0       3  r05
     72  0.083333333  0.958333333  0.000000000   0.0      26  r05
     73  0.125000000  0.000000000  0.000000000   0.0      22  r09
     74  0.125000000  0.041666667  0.000000000   0.0      45  r11
     75  0.125000000  0.083333333  0.000000000   0.0      68  r11
     76  0.125000000  0.125000000  0.000000000   6.0       0  ---
     77  0.125000000  0.166666667  0.000000000   6.0       0  ---
     78  0.125000000  0.208333333  0.000000000   6.0       0  ---
     79  0.125000000  0.250000000  0.000000000   6.0       0  ---
     80  0.125000000  0.291666667  0.000000000   6.0       0  ---
     81  0.125000000  0.333333333  0.000000000   6.0       0  ---
     82  0.125000000  0.375000000  0.000000000   6.0       0  ---
     83  0.125000000  0.416666667  0.000000000   6.0       0  ---
     84  0.125000000  0.458333333  0.000000000   6.0       0  ---
     85  0.125000000  0.500000000  0.000000000   6.0       0  ---
     86  0.125000000  0.541666667  0.000000000   6.0       0  ---
     87  0.125000000  0.583333333  0.000000000   6.0       0  ---
     88  0.125000000  0.625000000  0.000000000   6.0       0  ---
     89  0.125000000  0.666666667  0.000000000   6.0       0  ---
     90  0.125000000  0.708333333  0.000000000   6.0       0  ---
     91  0.125000000  0.750000000  0.000000000   0.0      76  r07
     92  0.125000000  0.791666667  0.000000000   0.0      52  r07
     93  0.125000000  0.833333333  0.000000000   0.0      28  r07
     94  0.125000000  0.875000000  0.000000000   0.0       4  r05
     95  0.125000000  0.916666667  0.000000000   0.0      27  r05
     96  0.125000000  0.958333333  0.000000000   0.0      46  r05
     97  0.166666667  0.000000000  0.000000000   0.0      21  r09
     98  0.166666667  0.041666667  0.000000000   0.0      44  r11
     99  0.166666667  0.083333333  0.000000000   0.0      67  r11
    100  0.166666667  0.125000000  0.000000000   0.0      90  r11
    101  0.166666667  0.166666667  0.000000000   6.0       0  ---
    102  0.166666667  0.208333333  0.000000000   6.0       0  ---
    103  0.166666667  0.250000000  0.000000000   6.0       0  ---
    104  0.166666667  0.291666667  0.000000000   6.0       0  ---
    105  0.166666667  0.333333333  0.000000000   6.0       0  ---
    106  0.166666667  0.375000000  0.000000000   6.0       0  ---
    107  0.166666667  0.416666667  0.000000000   6.0       0  ---
    108  0.166666667  0.458333333  0.000000000   6.0       0  ---
    109  0.166666667  0.500000000  0.000000000   6.0       0  ---
    110  0.166666667  0.541666667  0.000000000   6.0       0  ---
    111  0.166666667  0.583333333  0.000000000   6.0       0  ---
    112  0.166666667  0.625000000  0.000000000   6.0       0  ---
    113  0.166666667  0.666666667  0.000000000   0.0     101  r07
    114  0.166666667  0.708333333  0.000000000   0.0      77  r07
    115  0.166666667  0.750000000  0.000000000   0.0      53  r07
    116  0.166666667  0.791666667  0.000000000   0.0      29  r07
    117  0.166666667  0.833333333  0.000000000   0.0       5  r05
    118  0.166666667  0.875000000  0.000000000   0.0      28  r05
    119  0.166666667  0.916666667  0.000000000   0.0      51  r05
    120  0.166666667  0.958333333  0.000000000   0.0      45  r05
    121  0.208333333  0.000000000  0.000000000   0.0      20  r09
    122  0.208333333  0.041666667  0.000000000   0.0      43  r11
    123  0.208333333  0.083333333  0.000000000   0.0      66  r11
    124  0.208333333  0.125000000  0.000000000   0.0      89  r11
    125  0.208333333  0.166666667  0.000000000   0.0     112  r11
    126  0.208333333  0.208333333  0.000000000   6.0       0  ---
    127  0.208333333  0.250000000  0.000000000   6.0       0  ---
    128  0.208333333  0.291666667  0.000000000   6.0       0  ---
    129  0.208333333  0.333333333  0.000000000   6.0       0  ---
    130  0.208333333  0.375000000  0.000000000   6.0       0  ---
    131  0.208333333  0.416666667  0.000000000   6.0       0  ---
    132  0.208333333  0.458333333  0.000000000   6.0       0  ---
    133  0.208333333  0.500000000  0.000000000   6.0       0  ---
    134  0.208333333  0.541666667  0.000000000   6.0       0  ---
    135  0.208333333  0.583333333  0.000000000   0.0     126  r07
    136  0.208333333  0.625000000  0.000000000   0.0     102  r07
    137  0.208333333  0.666666667  0.000000000   0.0      78  r07
    138  0.208333333  0.708333333  0.000000000   0.0      54  r07
    139  0.208333333  0.750000000  0.000000000   0.0      30  r07
    140  0.208333333  0.791666667  0.000000000   0.0       6  r05
    141  0.208333333  0.833333333  0.000000000   0.0      29  r05
    142  0.208333333  0.875000000  0.000000000   0.0      52  r05
    143  0.208333333  0.916666667  0.000000000   0.0      68  r05
    144  0.208333333  0.958333333  0.000000000   0.0      44  r05
    145  0.250000000  0.000000000  0.000000000   0.0      19  r09
    146  0.250000000  0.041666667  0.000000000   0.0      42  r11
    147  0.250000000  0.083333333  0.000000000   0.0      65  r11
    148  0.250000000  0.125000000  0.000000000   0.0      88  r11
    149  0.250000000  0.166666667  0.000000000   0.0     111  r11
    150  0.250000000  0.208333333  0.000000000   0.0     134  r11
    151  0.250000000  0.250000000  0.000000000   6.0       0  ---
    152  0.250000000  0.291666667  0.000000000   6.0       0  ---
    153  0.250000000  0.333333333  0.000000000   6.0       0  ---
    154  0.250000000  0.375000000  0.000000000   6.0       0  ---
    155  0.250000000  0.416666667  0.000000000   6.0       0  ---
    156  0.250000000  0.458333333  0.000000000   6.0       0  ---
    157  0.250000000  0.500000000  0.000000000   0.0     151  r07
    158  0.250000000  0.541666667  0.000000000   0.0     127  r07
    159  0.250000000  0.583333333  0.000000000   0.0     103  r07
    160  0.250000000  0.625000000  0.000000000   0.0      79  r07
    161  0.250000000  0.666666667  0.000000000   0.0      55  r07
    162  0.250000000  0.708333333  0.000000000   0.0      31  r07
    163  0.250000000  0.750000000  0.000000000   0.0       7  r05
    164  0.250000000  0.791666667  0.000000000   0.0      30  r05
    165  0.250000000  0.833333333  0.000000000   0.0      53  r05
    166  0.250000000  0.875000000  0.000000000   0.0      76  r05
    167  0.250000000  0.916666667  0.000000000   0.0      67  r05
    168  0.250000000  0.958333333  0.000000000   0.0      43  r05
    169  0.291666667  0.000000000  0.000000000   0.0      18  r09
    170  0.291666667  0.041666667  0.000000000   0.0      41  r11
    171  0.291666667  0.083333333  0.000000000   0.0      64  r11
    172  0.291666667  0.125000000  0.000000000   0.0      87  r11
    173  0.291666667  0.166666667  0.000000000   0.0     110  r11
    174  0.291666667  0.208333333  0.000000000   0.0     133  r11
    175  0.291666667  0.250000000  0.000000000   0.0     156  r11
    176  0.291666667  0.291666667  0.000000000   6.0       0  ---
    177  0.291666667  0.333333333  0.000000000   6.0       0  ---
    178  0.291666667  0.375000000  0.000000000   6.0       0  ---
    179  0.291666667  0.416666667  0.000000000   0.0     176  r07
    180  0.291666667  0.458333333  0.000000000   0.0     152  r07
    181  0.291666667  0.500000000  0.000000000   0.0     128  r07
    182  0.291666667  0.541666667  0.000000000   0.0     104  r07
    183  0.291666667  0.583333333  0.000000000   0.0      80  r07
    184  0.291666667  0.625000000  0.000000000   0.0      56  r07
    185  0.291666667  0.666666667  0.000000000   0.0      32  r07
    186  0.291666667  0.708333333  0.000000000   0.0       8  r05
    187  0.291666667  0.750000000  0.000000000   0.0      31  r05
    188  0.291666667  0.791666667  0.000000000   0.0      54  r05
    189  0.291666667  0.833333333  0.000000000   0.0      77  r05
    190  0.291666667  0.875000000  0.000000000   0.0      90  r05
    191  0.291666667  0.916666667  0.000000000   0.0      66  r05
    192  0.291666667  0.958333333  0.000000000   0.0      42  r05
    193  0.333333333  0.000000000  0.000000000   0.0      17  r09
    194  0.333333333  0.041666667  0.000000000   0.0      40  r11
    195  0.333333333  0.083333333  0.000000000   0.0      63  r11
    196  0.333333333  0.125000000  0.000000000   0.0      86  r11
    197  0.333333333  0.166666667  0.000000000   0.0     109  r11
    198  0.333333333  0.208333333  0.000000000   0.0     132  r11
    199  0.333333333  0.250000000  0.000000000   0.0     155  r11
    200  0.333333333  0.291666667  0.000000000   0.0     178  r11
    201  0.333333333  0.333333333  0.000000000   2.0       0  ---
    202  0.333333333  0.375000000  0.000000000   0.0     177  r07
    203  0.333333333  0.416666667  0.000000000   0.0     153  r07
    204  0.333333333  0.458333333  0.000000000   0.0     129  r07
    205  0.333333333  0.500000000  0.000000000   0.0     105  r07
    206  0.333333333  0.541666667  0.000000000   0.0      81  r07
    207  0.333333333  0.583333333  0.000000000   0.0      57  r07
    208  0.333333333  0.625000000  0.000000000   0.0      33  r07
    209  0.333333333  0.666666667  0.000000000   0.0       9  r05
    210  0.333333333  0.708333333  0.000000000   0.0      32  r05
    211  0.333333333  0.750000000  0.000000000   0.0      55  r05
    212  0.333333333  0.791666667  0.000000000   0.0      78  r05
    213  0.333333333  0.833333333  0.000000000   0.0     101  r05
    214  0.333333333  0.875000000  0.000000000   0.0      89  r05
    215  0.333333333  0.916666667  0.000000000   0.0      65  r05
    216  0.333333333  0.958333333  0.000000000   0.0      41  r05
    217  0.375000000  0.000000000  0.000000000   0.0      16  r09
    218  0.375000000  0.041666667  0.000000000   0.0      39  r11
    219  0.375000000  0.083333333  0.000000000   0.0      62  r11
    220  0.375000000  0.125000000  0.000000000   0.0      85  r11
    221  0.375000000  0.166666667  0.000000000   0.0     108  r11
    222  0.375000000  0.208333333  0.000000000   0.0     131  r11
    223  0.375000000  0.250000000  0.000000000   0.0     154  r11
    224  0.375000000  0.291666667  0.000000000   0.0     177  r07
    225  0.375000000  0.333333333  0.000000000   0.0     178  r07
    226  0.375000000  0.375000000  0.000000000   0.0     154  r07
    227  0.375000000  0.416666667  0.000000000   0.0     130  r07
    228  0.375000000  0.458333333  0.000000000   0.0     106  r07
    229  0.375000000  0.500000000  0.000000000   0.0      82  r07
    230  0.375000000  0.541666667  0.000000000   0.0      58  r07
    231  0.375000000  0.583333333  0.000000000   0.0      34  r07
    232  0.375000000  0.625000000  0.000000000   0.0      10  r05
    233  0.375000000  0.666666667  0.000000000   0.0      33  r05
    234  0.375000000  0.708333333  0.000000000   0.0      56  r05
    235  0.375000000  0.750000000  0.000000000   0.0      79  r05
    236  0.375000000  0.791666667  0.000000000   0.0     102  r05
    237  0.375000000  0.833333333  0.000000000   0.0     112  r05
    238  0.375000000  0.875000000  0.000000000   0.0      88  r05
    239  0.375000000  0.916666667  0.000000000   0.0      64  r05
    240  0.375000000  0.958333333  0.000000000   0.0      40  r05
    241  0.416666667  0.000000000  0.000000000   0.0      15  r09
    242  0.416666667  0.041666667  0.000000000   0.0      38  r11
    243  0.416666667  0.083333333  0.000000000   0.0      61  r11
    244  0.416666667  0.125000000  0.000000000   0.0      84  r11
    245  0.416666667  0.166666667  0.000000000   0.0     107  r11
    246  0.416666667  0.208333333  0.000000000   0.0     130  r07
    247  0.416666667  0.250000000  0.000000000   0.0     153  r07
    248  0.416666667  0.291666667  0.000000000   0.0     176  r07
    249  0.416666667  0.333333333  0.000000000   0.0     155  r07
    250  0.416666667  0.375000000  0.000000000   0.0     131  r07
    251  0.416666667  0.416666667  0.000000000   0.0     107  r07
    252  0.416666667  0.458333333  0.000000000   0.0      83  r07
    253  0.416666667  0.500000000  0.000000000   0.0      59  r07
    254  0.416666667  0.541666667  0.000000000   0.0      35  r07
    255  0.416666667  0.583333333  0.000000000   0.0      11  r05
    256  0.416666667  0.625000000  0.000000000   0.0      34  r05
    257  0.416666667  0.666666667  0.000000000   0.0      57  r05
    258  0.416666667  0.708333333  0.000000000   0.0      80  r05
    259  0.416666667  0.750000000  0.000000000   0.0     103  r05
    260  0.416666667  0.791666667  0.000000000   0.0     126  r05
    261  0.416666667  0.833333333  0.000000000   0.0     111  r05
    262  0.416666667  0.875000000  0.000000000   0.0      87  r05
    263  0.416666667  0.916666667  0.000000000   0.0      63  r05
    264  0.416666667  0.958333333  0.000000000   0.0      39  r05
    265  0.458333333  0.000000000  0.000000000   0.0      14  r09
    266  0.458333333  0.041666667  0.000000000   0.0      37  r11
    267  0.458333333  0.083333333  0.000000000   0.0      60  r11
    268  0.458333333  0.125000000  0.000000000   0.0      83  r07
    269  0.458333333  0.166666667  0.000000000   0.0     106  r07
    270  0.458333333  0.208333333  0.000000000   0.0     129  r07
    271  0.458333333  0.250000000  0.000000000   0.0     152  r07
    272  0.458333333  0.291666667  0.000000000   0.0     156  r07
    273  0.458333333  0.333333333  0.000000000   0.0     132  r07
    274  0.458333333  0.375000000  0.000000000   0.0     108  r07
    275  0.458333333  0.416666667  0.000000000   0.0      84  r07
    276  0.458333333  0.458333333  0.000000000   0.0      60  r07
    277  0.458333333  0.500000000  0.000000000   0.0      36  r07
    278  0.458333333  0.541666667  0.000000000   0.0      12  r05
    279  0.458333333  0.583333333  0.000000000   0.0      35  r05
    280  0.458333333  0.625000000  0.000000000   0.0      58  r05
    281  0.458333333  0.666666667  0.000000000   0.0      81  r05
    282  0.458333333  0.708333333  0.000000000   0.0     104  r05
    283  0.458333333  0.750000000  0.000000000   0.0     127  r05
    284  0.458333333  0.791666667  0.000000000   0.0     134  r05
    285  0.458333333  0.833333333  0.000000000   0.0     110  r05
    286  0.458333333  0.875000000  0.000000000   0.0      86  r05
    287  0.458333333  0.916666667  0.000000000   0.0      62  r05
    288  0.458333333  0.958333333  0.000000000   0.0      38  r05
    289  0.500000000  0.000000000  0.000000000   0.0      13  r09
    290  0.500000000  0.041666667  0.000000000   0.0      36  r07
    291  0.500000000  0.083333333  0.000000000   0.0      59  r07
    292  0.500000000  0.125000000  0.000000000   0.0      82  r07
    293  0.500000000  0.166666667  0.000000000   0.0     105  r07
    294  0.500000000  0.208333333  0.000000000   0.0     128  r07
    295  0.500000000  0.250000000  0.000000000   0.0     151  r07
    296  0.500000000  0.291666667  0.000000000   0.0     133  r07
    297  0.500000000  0.333333333  0.000000000   0.0     109  r07
    298  0.500000000  0.375000000  0.000000000   0.0      85  r07
    299  0.500000000  0.416666667  0.000000000   0.0      61  r07
    300  0.500000000  0.458333333  0.000000000   0.0      37  r07
    301  0.500000000  0.500000000  0.000000000   0.0      13  r03
    302  0.500000000  0.541666667  0.000000000   0.0      36  r03
    303  0.500000000  0.583333333  0.000000000   0.0      59  r03
    304  0.500000000  0.625000000  0.000000000   0.0      82  r03
    305  0.500000000  0.666666667  0.000000000   0.0     105  r03
    306  0.500000000  0.708333333  0.000000000   0.0     128  r03
    307  0.500000000  0.750000000  0.000000000   0.0     151  r03
    308  0.500000000  0.791666667  0.000000000   0.0     133  r03
    309  0.500000000  0.833333333  0.000000000   0.0     109  r03
    310  0.500000000  0.875000000  0.000000000   0.0      85  r03
    311  0.500000000  0.916666667  0.000000000   0.0      61  r03
    312  0.500000000  0.958333333  0.000000000   0.0      37  r03
    313  0.541666667  0.000000000  0.000000000   0.0      12  r03
    314  0.541666667  0.041666667  0.000000000   0.0      35  r03
    315  0.541666667  0.083333333  0.000000000   0.0      58  r03
    316  0.541666667  0.125000000  0.000000000   0.0      81  r03
    317  0.541666667  0.166666667  0.000000000   0.0     104  r03
    318  0.541666667  0.208333333  0.000000000   0.0     127  r03
    319  0.541666667  0.250000000  0.000000000   0.0     134  r03
    320  0.541666667  0.291666667  0.000000000   0.0     110  r03
    321  0.541666667  0.333333333  0.000000000   0.0      86  r03
    322  0.541666667  0.375000000  0.000000000   0.0      62  r03
    323  0.541666667  0.416666667  0.000000000   0.0      38  r03
    324  0.541666667  0.458333333  0.000000000   0.0      14  r03
    325  0.541666667  0.500000000  0.000000000   0.0      37  r03
    326  0.541666667  0.541666667  0.000000000   0.0      60  r03
    327  0.541666667  0.583333333  0.000000000   0.0      83  r03
    328  0.541666667  0.625000000  0.000000000   0.0     106  r03
    329  0.541666667  0.666666667  0.000000000   0.0     129  r03
    330  0.541666667  0.708333333  0.000000000   0.0     152  r03
    331  0.541666667  0.750000000  0.000000000   0.0     156  r03
    332  0.541666667  0.791666667  0.000000000   0.0     132  r03
    333  0.541666667  0.833333333  0.000000000   0.0     108  r03
    334  0.541666667  0.875000000  0.000000000   0.0      84  r03
    335  0.541666667  0.916666667  0.000000000   0.0      60  r03
    336  0.541666667  0.958333333  0.000000000   0.0      36  r03
    337  0.583333333  0.000000000  0.000000000   0.0      11  r03
    338  0.583333333  0.041666667  0.000000000   0.0      34  r03
    339  0.583333333  0.083333333  0.000000000   0.0      57  r03
    340  0.583333333  0.125000000  0.000000000   0.0      80  r03
    341  0.583333333  0.166666667  0.000000000   0.0     103  r03
    342  0.583333333  0.208333333  0.000000000   0.0     126  r03
    343  0.583333333  0.250000000  0.000000000   0.0     111  r03
    344  0.583333333  0.291666667  0.000000000   0.0      87  r03
    345  0.583333333  0.333333333  0.000000000   0.0      63  r03
    346  0.583333333  0.375000000  0.000000000   0.0      39  r03
    347  0.583333333  0.416666667  0.000000000   0.0      15  r03
    348  0.583333333  0.458333333  0.000000000   0.0      38  r03
    349  0.583333333  0.500000000  0.000000000   0.0      61  r03
    350  0.583333333  0.541666667  0.000000000   0.0      84  r03
    351  0.583333333  0.583333333  0.000000000   0.0     107  r03
    352  0.583333333  0.625000000  0.000000000   0.0     130  r03
    353  0.583333333  0.666666667  0.000000000   0.0     153  r03
    354  0.583333333  0.708333333  0.000000000   0.0     176  r03
    355  0.583333333  0.750000000  0.000000000   0.0     155  r03
    356  0.583333333  0.791666667  0.000000000   0.0     131  r03
    357  0.583333333  0.833333333  0.000000000   0.0     107  r03
    358  0.583333333  0.875000000  0.000000000   0.0      83  r03
    359  0.583333333  0.916666667  0.000000000   0.0      59  r03
    360  0.583333333  0.958333333  0.000000000   0.0      35  r03
    361  0.625000000  0.000000000  0.000000000   0.0      10  r03
    362  0.625000000  0.041666667  0.000000000   0.0      33  r03
    363  0.625000000  0.083333333  0.000000000   0.0      56  r03
    364  0.625000000  0.125000000  0.000000000   0.0      79  r03
    365  0.625000000  0.166666667  0.000000000   0.0     102  r03
    366  0.625000000  0.208333333  0.000000000   0.0     112  r03
    367  0.625000000  0.250000000  0.000000000   0.0      88  r03
    368  0.625000000  0.291666667  0.000000000   0.0      64  r03
    369  0.625000000  0.333333333  0.000000000   0.0      40  r03
    370  0.625000000  0.375000000  0.000000000   0.0      16  r03
    371  0.625000000  0.416666667  0.000000000   0.0      39  r03
    372  0.625000000  0.458333333  0.000000000   0.0      62  r03
    373  0.625000000  0.500000000  0.000000000   0.0      85  r03
    374  0.625000000  0.541666667  0.000000000   0.0     108  r03
    375  0.625000000  0.583333333  0.000000000   0.0     131  r03
    376  0.625000000  0.625000000  0.000000000   0.0     154  r03
    377  0.625000000  0.666666667  0.000000000   0.0     177  r03
    378  0.625000000  0.708333333  0.000000000   0.0     178  r03
    379  0.625000000  0.750000000  0.000000000   0.0     154  r03
    380  0.625000000  0.791666667  0.000000000   0.0     130  r03
    381  0.625000000  0.833333333  0.000000000   0.0     106  r03
    382  0.625000000  0.875000000  0.000000000   0.0      82  r03
    383  0.625000000  0.916666667  0.000000000   0.0      58  r03
    384  0.625000000  0.958333333  0.000000000   0.0      34  r03
    385  0.666666667  0.000000000  0.000000000   0.0       9  r03
    386  0.666666667  0.041666667  0.000000000   0.0      32  r03
    387  0.666666667  0.083333333  0.000000000   0.0      55  r03
    388  0.666666667  0.125000000  0.000000000   0.0      78  r03
    389  0.666666667  0.166666667  0.000000000   0.0     101  r03
    390  0.666666667  0.208333333  0.000000000   0.0      89  r03
    391  0.666666667  0.250000000  0.000000000   0.0      65  r03
    392  0.666666667  0.291666667  0.000000000   0.0      41  r03
    393  0.666666667  0.333333333  0.000000000   0.0      17  r03
    394  0.666666667  0.375000000  0.000000000   0.0      40  r03
    395  0.666666667  0.416666667  0.000000000   0.0      63  r03
    396  0.666666667  0.458333333  0.000000000   0.0      86  r03
    397  0.666666667  0.500000000  0.000000000   0.0     109  r03
    398  0.666666667  0.541666667  0.000000000   0.0     132  r03
    399  0.666666667  0.583333333  0.000000000   0.0     155  r03
    400  0.666666667  0.625000000  0.000000000   0.0     178  r03
    401  0.666666667  0.666666667  0.000000000   0.0     201  r03
    402  0.666666667  0.708333333  0.000000000   0.0     177  r03
    403  0.666666667  0.750000000  0.000000000   0.0     153  r03
    404  0.666666667  0.791666667  0.000000000   0.0     129  r03
    405  0.666666667  0.833333333  0.000000000   0.0     105  r03
    406  0.666666667  0.875000000  0.000000000   0.0      81  r03
    407  0.666666667  0.916666667  0.000000000   0.0      57  r03
    408  0.666666667  0.958333333  0.000000000   0.0      33  r03
    409  0.708333333  0.000000000  0.000000000   0.0       8  r03
    410  0.708333333  0.041666667  0.000000000   0.0      31  r03
    411  0.708333333  0.083333333  0.000000000   0.0      54  r03
    412  0.708333333  0.125000000  0.000000000   0.0      77  r03
    413  0.708333333  0.166666667  0.000000000   0.0      90  r03
    414  0.708333333  0.208333333  0.000000000   0.0      66  r03
    415  0.708333333  0.250000000  0.000000000   0.0      42  r03
    416  0.708333333  0.291666667  0.000000000   0.0      18  r03
    417  0.708333333  0.333333333  0.000000000   0.0      41  r03
    418  0.708333333  0.375000000  0.000000000   0.0      64  r03
    419  0.708333333  0.416666667  0.000000000   0.0      87  r03
    420  0.708333333  0.458333333  0.000000000   0.0     110  r03
    421  0.708333333  0.500000000  0.000000000   0.0     133  r03
    422  0.708333333  0.541666667  0.000000000   0.0     156  r03
    423  0.708333333  0.583333333  0.000000000   0.0     176  r03
    424  0.708333333  0.625000000  0.000000000   0.0     177  r03
    425  0.708333333  0.666666667  0.000000000   0.0     178  r03
    426  0.708333333  0.708333333  0.000000000   0.0     176  r03
    427  0.708333333  0.750000000  0.000000000   0.0     152  r03
    428  0.708333333  0.791666667  0.000000000   0.0     128  r03
    429  0.708333333  0.833333333  0.000000000   0.0     104  r03
    430  0.708333333  0.875000000  0.000000000   0.0      80  r03
    431  0.708333333  0.916666667  0.000000000   0.0      56  r03
    432  0.708333333  0.958333333  0.000000000   0.0      32  r03
    433  0.750000000  0.000000000  0.000000000   0.0       7  r03
    434  0.750000000  0.041666667  0.000000000   0.0      30  r03
    435  0.750000000  0.083333333  0.000000000   0.0      53  r03
    436  0.750000000  0.125000000  0.000000000   0.0      76  r03
    437  0.750000000  0.166666667  0.000000000   0.0      67  r03
    438  0.750000000  0.208333333  0.000000000   0.0      43  r03
    439  0.750000000  0.250000000  0.000000000   0.0      19  r03
    440  0.750000000  0.291666667  0.000000000   0.0      42  r03
    441  0.750000000  0.333333333  0.000000000   0.0      65  r03
    442  0.750000000  0.375000000  0.000000000   0.0      88  r03
    443  0.750000000  0.416666667  0.000000000   0.0     111  r03
    444  0.750000000  0.458333333  0.000000000   0.0     134  r03
    445  0.750000000  0.500000000  0.000000000   0.0     151  r03
    446  0.750000000  0.541666667  0.000000000   0.0     152  r03
    447  0.750000000  0.583333333  0.000000000   0.0     153  r03
    448  0.750000000  0.625000000  0.000000000   0.0     154  r03
    449  0.750000000  0.666666667  0.000000000   0.0     155  r03
    450  0.750000000  0.708333333  0.000000000   0.0     156  r03
    451  0.750000000  0.750000000  0.000000000   0.0     151  r03
    452  0.750000000  0.791666667  0.000000000   0.0     127  r03
    453  0.750000000  0.833333333  0.000000000   0.0     103  r03
    454  0.750000000  0.875000000  0.000000000   0.0      79  r03
    455  0.750000000  0.916666667  0.000000000   0.0      55  r03
    456  0.750000000  0.958333333  0.000000000   0.0      31  r03
    457  0.791666667  0.000000000  0.000000000   0.0       6  r03
    458  0.791666667  0.041666667  0.000000000   0.0      29  r03
    459  0.791666667  0.083333333  0.000000000   0.0      52  r03
    460  0.791666667  0.125000000  0.000000000   0.0      68  r03
    461  0.791666667  0.166666667  0.000000000   0.0      44  r03
    462  0.791666667  0.208333333  0.000000000   0.0      20  r03
    463  0.791666667  0.250000000  0.000000000   0.0      43  r03
    464  0.791666667  0.291666667  0.000000000   0.0      66  r03
    465  0.791666667  0.333333333  0.000000000   0.0      89  r03
    466  0.791666667  0.375000000  0.000000000   0.0     112  r03
    467  0.791666667  0.416666667  0.000000000   0.0     126  r03
    468  0.791666667  0.458333333  0.000000000   0.0     127  r03
    469  0.791666667  0.500000000  0.000000000   0.0     128  r03
    470  0.791666667  0.541666667  0.000000000   0.0     129  r03
    471  0.791666667  0.583333333  0.000000000   0.0     130  r03
    472  0.791666667  0.625000000  0.000000000   0.0     131  r03
    473  0.791666667  0.666666667  0.000000000   0.0     132  r03
    474  0.791666667  0.708333333  0.000000000   0.0     133  r03
    475  0.791666667  0.750000000  0.000000000   0.0     134  r03
    476  0.791666667  0.791666667  0.000000000   0.0     126  r03
    477  0.791666667  0.833333333  0.000000000   0.0     102  r03
    478  0.791666667  0.875000000  0.000000000   0.0      78  r03
    479  0.791666667  0.916666667  0.000000000   0.0      54  r03
    480  0.791666667  0.958333333  0.000000000   0.0      30  r03
    481  0.833333333  0.000000000  0.000000000   0.0       5  r03
    482  0.833333333  0.041666667  0.000000000   0.0      28  r03
    483  0.833333333  0.083333333  0.000000000   0.0      51  r03
    484  0.833333333  0.125000000  0.000000000   0.0      45  r03
    485  0.833333333  0.166666667  0.000000000   0.0      21  r03
    486  0.833333333  0.208333333  0.000000000   0.0      44  r03
    487  0.833333333  0.250000000  0.000000000   0.0      67  r03
    488  0.833333333  0.291666667  0.000000000   0.0      90  r03
    489  0.833333333  0.333333333  0.000000000   0.0     101  r03
    490  0.833333333  0.375000000  0.000000000   0.0     102  r03
    491  0.833333333  0.416666667  0.000000000   0.0     103  r03
    492  0.833333333  0.458333333  0.000000000   0.0     104  r03
    493  0.833333333  0.500000000  0.000000000   0.0     105  r03
    494  0.833333333  0.541666667  0.000000000   0.0     106  r03
    495  0.833333333  0.583333333  0.000000000   0.0     107  r03
    496  0.833333333  0.625000000  0.000000000   0.0     108  r03
    497  0.833333333  0.666666667  0.000000000   0.0     109  r03
    498  0.833333333  0.708333333  0.000000000   0.0     110  r03
    499  0.833333333  0.750000000  0.000000000   0.0     111  r03
    500  0.833333333  0.791666667  0.000000000   0.0     112  r03
    501  0.833333333  0.833333333  0.000000000   0.0     101  r03
    502  0.833333333  0.875000000  0.000000000   0.0      77  r03
    503  0.833333333  0.916666667  0.000000000   0.0      53  r03
    504  0.833333333  0.958333333  0.000000000   0.0      29  r03
    505  0.875000000  0.000000000  0.000000000   0.0       4  r03
    506  0.875000000  0.041666667  0.000000000   0.0      27  r03
    507  0.875000000  0.083333333  0.000000000   0.0      46  r03
    508  0.875000000  0.125000000  0.000000000   0.0      22  r03
    509  0.875000000  0.166666667  0.000000000   0.0      45  r03
    510  0.875000000  0.208333333  0.000000000   0.0      68  r03
    511  0.875000000  0.250000000  0.000000000   0.0      76  r03
    512  0.875000000  0.291666667  0.000000000   0.0      77  r03
    513  0.875000000  0.333333333  0.000000000   0.0      78  r03
    514  0.875000000  0.375000000  0.000000000   0.0      79  r03
    515  0.875000000  0.416666667  0.000000000   0.0      80  r03
    516  0.875000000  0.458333333  0.000000000   0.0      81  r03
    517  0.875000000  0.500000000  0.000000000   0.0      82  r03
    518  0.875000000  0.541666667  0.000000000   0.0      83  r03
    519  0.875000000  0.583333333  0.000000000   0.0      84  r03
    520  0.875000000  0.625000000  0.000000000   0.0      85  r03
    521  0.875000000  0.666666667  0.000000000   0.0      86  r03
    522  0.875000000  0.708333333  0.000000000   0.0      87  r03
    523  0.875000000  0.750000000  0.000000000   0.0      88  r03
    524  0.875000000  0.791666667  0.000000000   0.0      89  r03
    525  0.875000000  0.833333333  0.000000000   0.0      90  r03
    526  0.875000000  0.875000000  0.000000000   0.0      76  r03
    527  0.875000000  0.916666667  0.000000000   0.0      52  r03
    528  0.875000000  0.958333333  0.000000000   0.0      28  r03
    529  0.916666667  0.000000000  0.000000000   0.0       3  r03
    530  0.916666667  0.041666667  0.000000000   0.0      26  r03
    531  0.916666667  0.083333333  0.000000000   0.0      23  r03
    532  0.916666667  0.125000000  0.000000000   0.0      46  r03
    533  0.916666667  0.166666667  0.000000000   0.0      51  r03
    534  0.916666667  0.208333333  0.000000000   0.0      52  r03
    535  0.916666667  0.250000000  0.000000000   0.0      53  r03
    536  0.916666667  0.291666667  0.000000000   0.0      54  r03
    537  0.916666667  0.333333333  0.000000000   0.0      55  r03
    538  0.916666667  0.375000000  0.000000000   0.0      56  r03
    539  0.916666667  0.416666667  0.000000000   0.0      57  r03
    540  0.916666667  0.458333333  0.000000000   0.0      58  r03
    541  0.916666667  0.500000000  0.000000000   0.0      59  r03
    542  0.916666667  0.541666667  0.000000000   0.0      60  r03
    543  0.916666667  0.583333333  0.000000000   0.0      61  r03
    544  0.916666667  0.625000000  0.000000000   0.0      62  r03
    545  0.916666667  0.666666667  0.000000000   0.0      63  r03
    546  0.916666667  0.708333333  0.000000000   0.0      64  r03
    547  0.916666667  0.750000000  0.000000000   0.0      65  r03
    548  0.916666667  0.791666667  0.000000000   0.0      66  r03
    549  0.916666667  0.833333333  0.000000000   0.0      67  r03
    550  0.916666667  0.875000000  0.000000000   0.0      68  r03
    551  0.916666667  0.916666667  0.000000000   0.0      51  r03
    552  0.916666667  0.958333333  0.000000000   0.0      27  r03
    553  0.958333333  0.000000000  0.000000000   0.0       2  r03
    554  0.958333333  0.041666667  0.000000000   0.0      24  r03
    555  0.958333333  0.083333333  0.000000000   0.0      26  r03
    556  0.958333333  0.125000000  0.000000000   0.0      27  r03
    557  0.958333333  0.166666667  0.000000000   0.0      28  r03
    558  0.958333333  0.208333333  0.000000000   0.0      29  r03
    559  0.958333333  0.250000000  0.000000000   0.0      30  r03
    560  0.958333333  0.291666667  0.000000000   0.0      31  r03
    561  0.958333333  0.333333333  0.000000000   0.0      32  r03
    562  0.958333333  0.375000000  0.000000000   0.0      33  r03
    563  0.958333333  0.416666667  0.000000000   0.0      34  r03
    564  0.958333333  0.458333333  0.000000000   0.0      35  r03
    565  0.958333333  0.500000000  0.000000000   0.0      36  r03
    566  0.958333333  0.541666667  0.000000000   0.0      37  r03
    567  0.958333333  0.583333333  0.000000000   0.0      38  r03
    568  0.958333333  0.625000000  0.000000000   0.0      39  r03
    569  0.958333333  0.666666667  0.000000000   0.0      40  r03
    570  0.958333333  0.708333333  0.000000000   0.0      41  r03
    571  0.958333333  0.750000000  0.000000000   0.0      42  r03
    572  0.958333333  0.791666667  0.000000000   0.0      43  r03
    573  0.958333333  0.833333333  0.000000000   0.0      44  r03
    574  0.958333333  0.875000000  0.000000000   0.0      45  r03
    575  0.958333333  0.916666667  0.000000000   0.0      46  r03
    576  0.958333333  0.958333333  0.000000000   0.0      26  r03

k-points in the irreducible wedge
    109
      1  0.000000000  0.000000000  0.000000000   1.0       1
      2  0.000000000  0.041666667  0.000000000   3.0       2
      3  0.000000000  0.083333333  0.000000000   3.0       3
      4  0.000000000  0.125000000  0.000000000   3.0       4
      5  0.000000000  0.166666667  0.000000000   3.0       5
      6  0.000000000  0.208333333  0.000000000   3.0       6
      7  0.000000000  0.250000000  0.000000000   3.0       7
      8  0.000000000  0.291666667  0.000000000   3.0       8
      9  0.000000000  0.333333333  0.000000000   3.0       9
     10  0.000000000  0.375000000  0.000000000   3.0      10
     11  0.000000000  0.416666667  0.000000000   3.0      11
     12  0.000000000  0.458333333  0.000000000   3.0      12
     13  0.000000000  0.500000000  0.000000000   3.0      13
     14  0.000000000  0.541666667  0.000000000   3.0      14
     15  0.000000000  0.583333333  0.000000000   3.0      15
     16  0.000000000  0.625000000  0.000000000   3.0      16
     17  0.000000000  0.666666667  0.000000000   3.0      17
     18  0.000000000  0.708333333  0.000000000   3.0      18
     19  0.000000000  0.750000000  0.000000000   3.0      19
     20  0.000000000  0.791666667  0.000000000   3.0      20
     21  0.000000000  0.833333333  0.000000000   3.0      21
     22  0.000000000  0.875000000  0.000000000   3.0      22
     23  0.000000000  0.916666667  0.000000000   3.0      23
     24  0.000000000  0.958333333  0.000000000   3.0      24
     25  0.041666667  0.041666667  0.000000000   6.0      26
     26  0.041666667  0.083333333  0.000000000   6.0      27
     27  0.041666667  0.125000000  0.000000000   6.0      28
     28  0.041666667  0.166666667  0.000000000   6.0      29
     29  0.041666667  0.208333333  0.000000000   6.0      30
     30  0.041666667  0.250000000  0.000000000   6.0      31
     31  0.041666667  0.291666667  0.000000000   6.0      32
     32  0.041666667  0.333333333  0.000000000   6.0      33
     33  0.041666667  0.375000000  0.000000000   6.0      34
     34  0.041666667  0.416666667  0.000000000   6.0      35
     35  0.041666667  0.458333333  0.000000000   6.0      36
     36  0.041666667  0.500000000  0.000000000   6.0      37
     37  0.041666667  0.541666667  0.000000000   6.0      38
     38  0.041666667  0.583333333  0.000000000   6.0      39
     39  0.041666667  0.625000000  0.000000000   6.0      40
     40  0.041666667  0.666666667  0.000000000   6.0      41
     41  0.041666667  0.708333333  0.000000000   6.0      42
     42  0.041666667  0.750000000  0.000000000   6.0      43
     43  0.041666667  0.791666667  0.000000000   6.0      44
     44  0.041666667  0.833333333  0.000000000   6.0      45
     45  0.041666667  0.875000000  0.000000000   6.0      46
     46  0.083333333  0.083333333  0.000000000   6.0      51
     47  0.083333333  0.125000000  0.000000000   6.0      52
     48  0.083333333  0.166666667  0.000000000   6.0      53
     49  0.083333333  0.208333333  0.000000000   6.0      54
     50  0.083333333  0.250000000  0.000000000   6.0      55
     51  0.083333333  0.291666667  0.000000000   6.0      56
     52  0.083333333  0.333333333  0.000000000   6.0      57
     53  0.083333333  0.375000000  0.000000000   6.0      58
     54  0.083333333  0.416666667  0.000000000   6.0      59
     55  0.083333333  0.458333333  0.000000000   6.0      60
     56  0.083333333  0.500000000  0.000000000   6.0      61
     57  0.083333333  0.541666667  0.000000000   6.0      62
     58  0.083333333  0.583333333  0.000000000   6.0      63
     59  0.083333333  0.625000000  0.000000000   6.0      64
     60  0.083333333  0.666666667  0.000000000   6.0      65
     61  0.083333333  0.708333333  0.000000000   6.0      66
     62  0.083333333  0.750000000  0.000000000   6.0      67
     63  0.083333333  0.791666667  0.000000000   6.0      68
     64  0.125000000  0.125000000  0.000000000   6.0      76
     65  0.125000000  0.166666667  0.000000000   6.0      77
     66  0.125000000  0.208333333  0.000000000   6.0      78
     67  0.125000000  0.250000000  0.000000000   6.0      79
     68  0.125000000  0.291666667  0.000000000   6.0      80
     69  0.125000000  0.333333333  0.000000000   6.0      81
     70  0.125000000  0.375000000  0.000000000   6.0      82
     71  0.125000000  0.416666667  0.000000000   6.0      83
     72  0.125000000  0.458333333  0.000000000   6.0      84
     73  0.125000000  0.500000000  0.000000000   6.0      85
     74  0.125000000  0.541666667  0.000000000   6.0      86
     75  0.125000000  0.583333333  0.000000000   6.0      87
     76  0.125000000  0.625000000  0.000000000   6.0      88
     77  0.125000000  0.666666667  0.000000000   6.0      89
     78  0.125000000  0.708333333  0.000000000   6.0      90
     79  0.166666667  0.166666667  0.000000000   6.0     101
     80  0.166666667  0.208333333  0.000000000   6.0     102
     81  0.166666667  0.250000000  0.000000000   6.0     103
     82  0.166666667  0.291666667  0.000000000   6.0     104
     83  0.166666667  0.333333333  0.000000000   6.0     105
     84  0.166666667  0.375000000  0.000000000   6.0     106
     85  0.166666667  0.416666667  0.000000000   6.0     107
     86  0.166666667  0.458333333  0.000000000   6.0     108
     87  0.166666667  0.500000000  0.000000000   6.0     109
     88  0.166666667  0.541666667  0.000000000   6.0     110
     89  0.166666667  0.583333333  0.000000000   6.0     111
     90  0.166666667  0.625000000  0.000000000   6.0     112
     91  0.208333333  0.208333333  0.000000000   6.0     126
     92  0.208333333  0.250000000  0.000000000   6.0     127
     93  0.208333333  0.291666667  0.000000000   6.0     128
     94  0.208333333  0.333333333  0.000000000   6.0     129
     95  0.208333333  0.375000000  0.000000000   6.0     130
     96  0.208333333  0.416666667  0.000000000   6.0     131
     97  0.208333333  0.458333333  0.000000000   6.0     132
     98  0.208333333  0.500000000  0.000000000   6.0     133
     99  0.208333333  0.541666667  0.000000000   6.0     134
    100  0.250000000  0.250000000  0.000000000   6.0     151
    101  0.250000000  0.291666667  0.000000000   6.0     152
    102  0.250000000  0.333333333  0.000000000   6.0     153
    103  0.250000000  0.375000000  0.000000000   6.0     154
    104  0.250000000  0.416666667  0.000000000   6.0     155
    105  0.250000000  0.458333333  0.000000000   6.0     156
    106  0.291666667  0.291666667  0.000000000   6.0     176
    107  0.291666667  0.333333333  0.000000000   6.0     177
    108  0.291666667  0.375000000  0.000000000   6.0     178
    109  0.333333333  0.333333333  0.000000000   2.0     201

